{"/home/travis/build/npmtest/node-npmtest-thinky/test.js":{"path":"/home/travis/build/npmtest/node-npmtest-thinky/test.js","s":{"1":2,"2":2,"3":2,"4":2,"5":2,"6":2,"7":2,"8":1,"9":2,"10":2,"11":1,"12":1,"13":1,"14":1,"15":2,"16":2,"17":2,"18":2,"19":1,"20":1,"21":2,"22":2,"23":2,"24":1,"25":1,"26":1,"27":1,"28":1,"29":1,"30":1,"31":1,"32":1,"33":1,"34":1,"35":1,"36":1,"37":1,"38":1,"39":2,"40":2,"41":1,"42":2,"43":2,"44":1,"45":2,"46":2,"47":1,"48":2,"49":2,"50":1,"51":1,"52":1,"53":1,"54":1},"b":{"1":[2,1,1,1],"2":[1,1,1,1],"3":[1,1],"4":[1,1],"5":[1,1],"6":[1,1],"7":[1,1],"8":[1,1],"9":[1,1],"10":[1,1,1],"11":[1,1],"12":[1,1],"13":[1,1],"14":[1,1],"15":[1,1],"16":[1,1],"17":[1,1]},"f":{"1":2,"2":2,"3":2,"4":2,"5":2,"6":1,"7":1,"8":1,"9":2,"10":2,"11":2,"12":2,"13":1},"fnMap":{"1":{"name":"(anonymous_1)","line":12,"loc":{"start":{"line":12,"column":1},"end":{"line":12,"column":13}}},"2":{"name":"(anonymous_2)","line":19,"loc":{"start":{"line":19,"column":5},"end":{"line":19,"column":17}}},"3":{"name":"(anonymous_3)","line":23,"loc":{"start":{"line":23,"column":24},"end":{"line":23,"column":36}}},"4":{"name":"(anonymous_4)","line":61,"loc":{"start":{"line":61,"column":5},"end":{"line":61,"column":17}}},"5":{"name":"(anonymous_5)","line":82,"loc":{"start":{"line":82,"column":5},"end":{"line":82,"column":17}}},"6":{"name":"(anonymous_6)","line":91,"loc":{"start":{"line":91,"column":77},"end":{"line":94,"column":10}}},"7":{"name":"(anonymous_7)","line":112,"loc":{"start":{"line":112,"column":83},"end":{"line":115,"column":10}},"skip":true},"8":{"name":"(anonymous_8)","line":123,"loc":{"start":{"line":123,"column":77},"end":{"line":126,"column":10}},"skip":true},"9":{"name":"(anonymous_9)","line":139,"loc":{"start":{"line":139,"column":12},"end":{"line":139,"column":40}},"skip":true},"10":{"name":"(anonymous_10)","line":147,"loc":{"start":{"line":147,"column":77},"end":{"line":150,"column":10}},"skip":true},"11":{"name":"(anonymous_11)","line":158,"loc":{"start":{"line":158,"column":83},"end":{"line":161,"column":10}},"skip":true},"12":{"name":"(anonymous_12)","line":169,"loc":{"start":{"line":169,"column":79},"end":{"line":172,"column":10}},"skip":true},"13":{"name":"(anonymous_13)","line":180,"loc":{"start":{"line":180,"column":75},"end":{"line":183,"column":10}},"skip":true}},"statementMap":{"1":{"start":{"line":12,"column":0},"end":{"line":195,"column":5}},"2":{"start":{"line":14,"column":4},"end":{"line":14,"column":14}},"3":{"start":{"line":19,"column":4},"end":{"line":56,"column":9}},"4":{"start":{"line":21,"column":8},"end":{"line":21,"column":19}},"5":{"start":{"line":23,"column":8},"end":{"line":35,"column":13}},"6":{"start":{"line":24,"column":12},"end":{"line":34,"column":13}},"7":{"start":{"line":25,"column":16},"end":{"line":28,"column":30}},"8":{"start":{"line":30,"column":16},"end":{"line":33,"column":27}},"9":{"start":{"line":37,"column":8},"end":{"line":39,"column":21}},"10":{"start":{"line":40,"column":8},"end":{"line":53,"column":9}},"11":{"start":{"line":43,"column":12},"end":{"line":46,"column":14}},"12":{"start":{"line":47,"column":12},"end":{"line":47,"column":18}},"13":{"start":{"line":50,"column":12},"end":{"line":51,"column":46}},"14":{"start":{"line":52,"column":12},"end":{"line":52,"column":18}},"15":{"start":{"line":55,"column":8},"end":{"line":55,"column":35}},"16":{"start":{"line":61,"column":4},"end":{"line":63,"column":9}},"17":{"start":{"line":62,"column":8},"end":{"line":62,"column":15}},"18":{"start":{"line":64,"column":4},"end":{"line":77,"column":5}},"19":{"start":{"line":70,"column":8},"end":{"line":70,"column":14}},"20":{"start":{"line":76,"column":8},"end":{"line":76,"column":14}},"21":{"start":{"line":82,"column":4},"end":{"line":84,"column":9}},"22":{"start":{"line":83,"column":8},"end":{"line":83,"column":15}},"23":{"start":{"line":85,"column":4},"end":{"line":194,"column":5}},"24":{"start":{"line":91,"column":8},"end":{"line":99,"column":10}},"25":{"start":{"line":98,"column":12},"end":{"line":98,"column":35}},"26":{"start":{"line":102,"column":8},"end":{"line":104,"column":63}},"27":{"start":{"line":105,"column":8},"end":{"line":105,"column":14}},"28":{"start":{"line":112,"column":8},"end":{"line":121,"column":10},"skip":true},"29":{"start":{"line":119,"column":12},"end":{"line":119,"column":55},"skip":true},"30":{"start":{"line":120,"column":12},"end":{"line":120,"column":48},"skip":true},"31":{"start":{"line":123,"column":8},"end":{"line":136,"column":10},"skip":true},"32":{"start":{"line":130,"column":12},"end":{"line":130,"column":76},"skip":true},"33":{"start":{"line":131,"column":12},"end":{"line":131,"column":73},"skip":true},"34":{"start":{"line":132,"column":12},"end":{"line":132,"column":74},"skip":true},"35":{"start":{"line":133,"column":12},"end":{"line":133,"column":79},"skip":true},"36":{"start":{"line":134,"column":12},"end":{"line":134,"column":25},"skip":true},"37":{"start":{"line":135,"column":12},"end":{"line":135,"column":45},"skip":true},"38":{"start":{"line":138,"column":8},"end":{"line":145,"column":14},"skip":true},"39":{"start":{"line":143,"column":16},"end":{"line":143,"column":29},"skip":true},"40":{"start":{"line":144,"column":16},"end":{"line":144,"column":55},"skip":true},"41":{"start":{"line":147,"column":8},"end":{"line":156,"column":10},"skip":true},"42":{"start":{"line":154,"column":12},"end":{"line":154,"column":25},"skip":true},"43":{"start":{"line":155,"column":12},"end":{"line":155,"column":45},"skip":true},"44":{"start":{"line":158,"column":8},"end":{"line":167,"column":10},"skip":true},"45":{"start":{"line":165,"column":12},"end":{"line":165,"column":25},"skip":true},"46":{"start":{"line":166,"column":12},"end":{"line":166,"column":48},"skip":true},"47":{"start":{"line":169,"column":8},"end":{"line":178,"column":10},"skip":true},"48":{"start":{"line":176,"column":12},"end":{"line":176,"column":25},"skip":true},"49":{"start":{"line":177,"column":12},"end":{"line":177,"column":46},"skip":true},"50":{"start":{"line":180,"column":8},"end":{"line":189,"column":10},"skip":true},"51":{"start":{"line":187,"column":12},"end":{"line":187,"column":94},"skip":true},"52":{"start":{"line":188,"column":12},"end":{"line":188,"column":48},"skip":true},"53":{"start":{"line":192,"column":8},"end":{"line":192,"column":35},"skip":true},"54":{"start":{"line":193,"column":8},"end":{"line":193,"column":14},"skip":true}},"branchMap":{"1":{"line":25,"type":"binary-expr","locations":[{"start":{"line":25,"column":23},"end":{"line":25,"column":62}},{"start":{"line":26,"column":20},"end":{"line":26,"column":70}},{"start":{"line":27,"column":20},"end":{"line":27,"column":71}},{"start":{"line":28,"column":20},"end":{"line":28,"column":29}}]},"2":{"line":30,"type":"binary-expr","locations":[{"start":{"line":30,"column":23},"end":{"line":30,"column":37}},{"start":{"line":31,"column":20},"end":{"line":31,"column":61}},{"start":{"line":32,"column":20},"end":{"line":32,"column":70}},{"start":{"line":33,"column":20},"end":{"line":33,"column":26}}]},"3":{"line":37,"type":"cond-expr","locations":[{"start":{"line":38,"column":14},"end":{"line":38,"column":20}},{"start":{"line":39,"column":14},"end":{"line":39,"column":20}}]},"4":{"line":40,"type":"switch","locations":[{"start":{"line":42,"column":8},"end":{"line":47,"column":18}},{"start":{"line":49,"column":8},"end":{"line":52,"column":18}}]},"5":{"line":44,"type":"binary-expr","locations":[{"start":{"line":44,"column":16},"end":{"line":44,"column":44}},{"start":{"line":44,"column":48},"end":{"line":44,"column":66}}]},"6":{"line":50,"type":"binary-expr","locations":[{"start":{"line":50,"column":21},"end":{"line":50,"column":49}},{"start":{"line":50,"column":53},"end":{"line":50,"column":72}}]},"7":{"line":64,"type":"switch","locations":[{"start":{"line":69,"column":4},"end":{"line":70,"column":14}},{"start":{"line":75,"column":4},"end":{"line":76,"column":14}}]},"8":{"line":85,"type":"switch","locations":[{"start":{"line":90,"column":4},"end":{"line":105,"column":14}},{"start":{"line":111,"column":4},"end":{"line":193,"column":14},"skip":true}]},"9":{"line":91,"type":"binary-expr","locations":[{"start":{"line":91,"column":42},"end":{"line":91,"column":73}},{"start":{"line":91,"column":77},"end":{"line":99,"column":9}}]},"10":{"line":102,"type":"binary-expr","locations":[{"start":{"line":102,"column":18},"end":{"line":102,"column":32}},{"start":{"line":103,"column":12},"end":{"line":103,"column":53}},{"start":{"line":104,"column":12},"end":{"line":104,"column":61}}]},"11":{"line":112,"type":"binary-expr","locations":[{"start":{"line":112,"column":45},"end":{"line":112,"column":79},"skip":true},{"start":{"line":112,"column":83},"end":{"line":121,"column":9},"skip":true}]},"12":{"line":123,"type":"binary-expr","locations":[{"start":{"line":123,"column":42},"end":{"line":123,"column":73},"skip":true},{"start":{"line":123,"column":77},"end":{"line":136,"column":9},"skip":true}]},"13":{"line":138,"type":"binary-expr","locations":[{"start":{"line":138,"column":48},"end":{"line":138,"column":85},"skip":true},{"start":{"line":139,"column":12},"end":{"line":145,"column":13},"skip":true}]},"14":{"line":147,"type":"binary-expr","locations":[{"start":{"line":147,"column":42},"end":{"line":147,"column":73},"skip":true},{"start":{"line":147,"column":77},"end":{"line":156,"column":9},"skip":true}]},"15":{"line":158,"type":"binary-expr","locations":[{"start":{"line":158,"column":45},"end":{"line":158,"column":79},"skip":true},{"start":{"line":158,"column":83},"end":{"line":167,"column":9},"skip":true}]},"16":{"line":169,"type":"binary-expr","locations":[{"start":{"line":169,"column":43},"end":{"line":169,"column":75},"skip":true},{"start":{"line":169,"column":79},"end":{"line":178,"column":9},"skip":true}]},"17":{"line":180,"type":"binary-expr","locations":[{"start":{"line":180,"column":41},"end":{"line":180,"column":71},"skip":true},{"start":{"line":180,"column":75},"end":{"line":189,"column":9},"skip":true}]}},"code":["/* istanbul instrument in package npmtest_thinky */","/*jslint","    bitwise: true,","    browser: true,","    maxerr: 8,","    maxlen: 96,","    node: true,","    nomen: true,","    regexp: true,","    stupid: true","*/","(function () {","    'use strict';","    var local;","","","","    // run shared js-env code - pre-init","    (function () {","        // init local","        local = {};","        // init modeJs","        local.modeJs = (function () {","            try {","                return typeof navigator.userAgent === 'string' &&","                    typeof document.querySelector('body') === 'object' &&","                    typeof XMLHttpRequest.prototype.open === 'function' &&","                    'browser';","            } catch (errorCaughtBrowser) {","                return module.exports &&","                    typeof process.versions.node === 'string' &&","                    typeof require('http').createServer === 'function' &&","                    'node';","            }","        }());","        // init global","        local.global = local.modeJs === 'browser'","            ? window","            : global;","        switch (local.modeJs) {","        // re-init local from window.local","        case 'browser':","            local = local.global.utility2.objectSetDefault(","                local.global.utility2_rollup || local.global.local,","                local.global.utility2","            );","            break;","        // re-init local from example.js","        case 'node':","            local = (local.global.utility2_rollup || require('utility2'))","                .requireExampleJsFromReadme();","            break;","        }","        // export local","        local.global.local = local;","    }());","","","","    // run shared js-env code - function","    (function () {","        return;","    }());","    switch (local.modeJs) {","","","","    // run browser js-env code - function","    case 'browser':","        break;","","","","    // run node js-env code - function","    case 'node':","        break;","    }","","","","    // run shared js-env code - post-init","    (function () {","        return;","    }());","    switch (local.modeJs) {","","","","    // run browser js-env code - post-init","    case 'browser':","        local.testCase_browser_nullCase = local.testCase_browser_nullCase || function (","            options,","            onError","        ) {","        /*","         * this function will test browsers's null-case handling-behavior-behavior","         */","            onError(null, options);","        };","","        // run tests","        local.nop(local.modeTest &&","            document.querySelector('#testRunButton1') &&","            document.querySelector('#testRunButton1').click());","        break;","","","","    // run node js-env code - post-init","    /* istanbul ignore next */","    case 'node':","        local.testCase_buildApidoc_default = local.testCase_buildApidoc_default || function (","            options,","            onError","        ) {","        /*","         * this function will test buildApidoc's default handling-behavior-behavior","         */","            options = { modulePathList: module.paths };","            local.buildApidoc(options, onError);","        };","","        local.testCase_buildApp_default = local.testCase_buildApp_default || function (","            options,","            onError","        ) {","        /*","         * this function will test buildApp's default handling-behavior-behavior","         */","            local.testCase_buildReadme_default(options, local.onErrorThrow);","            local.testCase_buildLib_default(options, local.onErrorThrow);","            local.testCase_buildTest_default(options, local.onErrorThrow);","            local.testCase_buildCustomOrg_default(options, local.onErrorThrow);","            options = [];","            local.buildApp(options, onError);","        };","","        local.testCase_buildCustomOrg_default = local.testCase_buildCustomOrg_default ||","            function (options, onError) {","            /*","             * this function will test buildCustomOrg's default handling-behavior","             */","                options = {};","                local.buildCustomOrg(options, onError);","            };","","        local.testCase_buildLib_default = local.testCase_buildLib_default || function (","            options,","            onError","        ) {","        /*","         * this function will test buildLib's default handling-behavior","         */","            options = {};","            local.buildLib(options, onError);","        };","","        local.testCase_buildReadme_default = local.testCase_buildReadme_default || function (","            options,","            onError","        ) {","        /*","         * this function will test buildReadme's default handling-behavior-behavior","         */","            options = {};","            local.buildReadme(options, onError);","        };","","        local.testCase_buildTest_default = local.testCase_buildTest_default || function (","            options,","            onError","        ) {","        /*","         * this function will test buildTest's default handling-behavior","         */","            options = {};","            local.buildTest(options, onError);","        };","","        local.testCase_webpage_default = local.testCase_webpage_default || function (","            options,","            onError","        ) {","        /*","         * this function will test webpage's default handling-behavior","         */","            options = { modeCoverageMerge: true, url: local.serverLocalHost + '?modeTest=1' };","            local.browserTest(options, onError);","        };","","        // run test-server","        local.testRunServer(local);","        break;","    }","}());",""],"l":{"12":2,"14":2,"19":2,"21":2,"23":2,"24":2,"25":2,"30":1,"37":2,"40":2,"43":1,"47":1,"50":1,"52":1,"55":2,"61":2,"62":2,"64":2,"70":1,"76":1,"82":2,"83":2,"85":2,"91":1,"98":1,"102":1,"105":1,"112":1,"119":1,"120":1,"123":1,"130":1,"131":1,"132":1,"133":1,"134":1,"135":1,"138":1,"143":2,"144":2,"147":1,"154":2,"155":2,"158":1,"165":2,"166":2,"169":1,"176":2,"177":2,"180":1,"187":1,"188":1,"192":1,"193":1}},"/home/travis/build/npmtest/node-npmtest-thinky/lib.npmtest_thinky.js":{"path":"/home/travis/build/npmtest/node-npmtest-thinky/lib.npmtest_thinky.js","s":{"1":2,"2":2,"3":2,"4":2,"5":2,"6":2,"7":2,"8":1,"9":2,"10":2,"11":2,"12":2,"13":1,"14":1,"15":1,"16":1},"b":{"1":[2,1,1,1],"2":[1,1,1,1],"3":[1,1],"4":[2,2],"5":[1,1]},"f":{"1":2,"2":2,"3":2},"fnMap":{"1":{"name":"(anonymous_1)","line":12,"loc":{"start":{"line":12,"column":1},"end":{"line":12,"column":13}}},"2":{"name":"(anonymous_2)","line":19,"loc":{"start":{"line":19,"column":5},"end":{"line":19,"column":17}}},"3":{"name":"(anonymous_3)","line":23,"loc":{"start":{"line":23,"column":24},"end":{"line":23,"column":36}}}},"statementMap":{"1":{"start":{"line":12,"column":0},"end":{"line":53,"column":5}},"2":{"start":{"line":14,"column":4},"end":{"line":14,"column":14}},"3":{"start":{"line":19,"column":4},"end":{"line":52,"column":9}},"4":{"start":{"line":21,"column":8},"end":{"line":21,"column":19}},"5":{"start":{"line":23,"column":8},"end":{"line":35,"column":13}},"6":{"start":{"line":24,"column":12},"end":{"line":34,"column":13}},"7":{"start":{"line":25,"column":16},"end":{"line":28,"column":30}},"8":{"start":{"line":30,"column":16},"end":{"line":33,"column":27}},"9":{"start":{"line":37,"column":8},"end":{"line":39,"column":21}},"10":{"start":{"line":41,"column":8},"end":{"line":41,"column":54}},"11":{"start":{"line":43,"column":8},"end":{"line":43,"column":51}},"12":{"start":{"line":45,"column":8},"end":{"line":51,"column":9}},"13":{"start":{"line":46,"column":12},"end":{"line":46,"column":57}},"14":{"start":{"line":48,"column":12},"end":{"line":48,"column":35}},"15":{"start":{"line":49,"column":12},"end":{"line":49,"column":49}},"16":{"start":{"line":50,"column":12},"end":{"line":50,"column":43}}},"branchMap":{"1":{"line":25,"type":"binary-expr","locations":[{"start":{"line":25,"column":23},"end":{"line":25,"column":62}},{"start":{"line":26,"column":20},"end":{"line":26,"column":70}},{"start":{"line":27,"column":20},"end":{"line":27,"column":71}},{"start":{"line":28,"column":20},"end":{"line":28,"column":29}}]},"2":{"line":30,"type":"binary-expr","locations":[{"start":{"line":30,"column":23},"end":{"line":30,"column":37}},{"start":{"line":31,"column":20},"end":{"line":31,"column":61}},{"start":{"line":32,"column":20},"end":{"line":32,"column":70}},{"start":{"line":33,"column":20},"end":{"line":33,"column":26}}]},"3":{"line":37,"type":"cond-expr","locations":[{"start":{"line":38,"column":14},"end":{"line":38,"column":20}},{"start":{"line":39,"column":14},"end":{"line":39,"column":20}}]},"4":{"line":41,"type":"binary-expr","locations":[{"start":{"line":41,"column":16},"end":{"line":41,"column":44}},{"start":{"line":41,"column":48},"end":{"line":41,"column":53}}]},"5":{"line":45,"type":"if","locations":[{"start":{"line":45,"column":8},"end":{"line":45,"column":8}},{"start":{"line":45,"column":8},"end":{"line":45,"column":8}}]}},"code":["/* istanbul instrument in package npmtest_thinky */","/*jslint","    bitwise: true,","    browser: true,","    maxerr: 8,","    maxlen: 96,","    node: true,","    nomen: true,","    regexp: true,","    stupid: true","*/","(function () {","    'use strict';","    var local;","","","","    // run shared js-env code - pre-init","    (function () {","        // init local","        local = {};","        // init modeJs","        local.modeJs = (function () {","            try {","                return typeof navigator.userAgent === 'string' &&","                    typeof document.querySelector('body') === 'object' &&","                    typeof XMLHttpRequest.prototype.open === 'function' &&","                    'browser';","            } catch (errorCaughtBrowser) {","                return module.exports &&","                    typeof process.versions.node === 'string' &&","                    typeof require('http').createServer === 'function' &&","                    'node';","            }","        }());","        // init global","        local.global = local.modeJs === 'browser'","            ? window","            : global;","        // init utility2_rollup","        local = local.global.utility2_rollup || local;","        // init lib","        local.local = local.npmtest_thinky = local;","        // init exports","        if (local.modeJs === 'browser') {","            local.global.utility2_npmtest_thinky = local;","        } else {","            module.exports = local;","            module.exports.__dirname = __dirname;","            module.exports.module = module;","        }","    }());","}());",""],"l":{"12":2,"14":2,"19":2,"21":2,"23":2,"24":2,"25":2,"30":1,"37":2,"41":2,"43":2,"45":2,"46":1,"48":1,"49":1,"50":1}},"/home/travis/build/npmtest/node-npmtest-thinky/example.js":{"path":"/home/travis/build/npmtest/node-npmtest-thinky/example.js","s":{"1":2,"2":2,"3":2,"4":2,"5":2,"6":2,"7":2,"8":1,"9":2,"10":2,"11":2,"12":2,"13":1,"14":2,"15":2,"16":2,"17":2,"18":2,"19":0,"20":2,"21":1,"22":1,"23":1,"24":1,"25":1,"26":0,"27":0,"28":1,"29":1,"30":2,"31":0,"32":0,"33":0,"34":1,"35":2,"36":2,"37":3,"38":3,"39":3,"40":3,"41":0,"42":3,"43":3,"44":3,"45":1,"46":3,"47":1,"48":1,"49":1,"50":1,"51":1,"52":1,"53":1,"54":1,"55":1,"56":1,"57":0,"58":1,"59":6,"60":6,"61":1,"62":2,"63":0,"64":2,"65":1,"66":1,"67":0,"68":0,"69":0,"70":0,"71":0,"72":0,"73":0,"74":0,"75":0,"76":0,"77":0,"78":0,"79":0,"80":0,"81":0,"82":0,"83":0},"b":{"1":[2,1,1,1],"2":[1,1,1,1],"3":[1,1],"4":[2,2],"5":[1,1],"6":[1,1],"7":[2,0],"8":[2,1,1,1,1,1],"9":[0,2,0],"10":[1,1],"11":[2,1,1],"12":[1,0],"13":[0,2],"14":[2,0,0,0,0,0,0],"15":[0,3],"16":[3,0],"17":[1,1],"18":[0,1],"19":[1,2,0,2],"20":[1,0],"21":[1,1],"22":[0,0],"23":[0,0],"24":[0,0],"25":[0,0],"26":[0,0],"27":[0,0],"28":[0,0]},"f":{"1":2,"2":2,"3":2,"4":2,"5":2,"6":2,"7":3,"8":3,"9":3,"10":1,"11":6,"12":0},"fnMap":{"1":{"name":"(anonymous_1)","line":26,"loc":{"start":{"line":26,"column":1},"end":{"line":26,"column":13}}},"2":{"name":"(anonymous_2)","line":33,"loc":{"start":{"line":33,"column":5},"end":{"line":33,"column":17}}},"3":{"name":"(anonymous_3)","line":37,"loc":{"start":{"line":37,"column":24},"end":{"line":37,"column":36}}},"4":{"name":"(anonymous_4)","line":69,"loc":{"start":{"line":69,"column":31},"end":{"line":69,"column":48}},"skip":true},"5":{"name":"(anonymous_5)","line":78,"loc":{"start":{"line":78,"column":26},"end":{"line":78,"column":45}},"skip":true},"6":{"name":"(anonymous_6)","line":123,"loc":{"start":{"line":123,"column":33},"end":{"line":123,"column":48}},"skip":true},"7":{"name":"(anonymous_7)","line":125,"loc":{"start":{"line":125,"column":27},"end":{"line":125,"column":39}},"skip":true},"8":{"name":"(anonymous_8)","line":133,"loc":{"start":{"line":133,"column":59},"end":{"line":133,"column":74}},"skip":true},"9":{"name":"(anonymous_9)","line":143,"loc":{"start":{"line":143,"column":45},"end":{"line":143,"column":62}},"skip":true},"10":{"name":"(anonymous_10)","line":144,"loc":{"start":{"line":144,"column":73},"end":{"line":144,"column":92}},"skip":true},"11":{"name":"(anonymous_11)","line":272,"loc":{"start":{"line":272,"column":51},"end":{"line":272,"column":77}},"skip":true},"12":{"name":"(anonymous_12)","line":315,"loc":{"start":{"line":315,"column":32},"end":{"line":315,"column":61}},"skip":true}},"statementMap":{"1":{"start":{"line":26,"column":0},"end":{"line":326,"column":5}},"2":{"start":{"line":28,"column":4},"end":{"line":28,"column":14}},"3":{"start":{"line":33,"column":4},"end":{"line":60,"column":9}},"4":{"start":{"line":35,"column":8},"end":{"line":35,"column":19}},"5":{"start":{"line":37,"column":8},"end":{"line":49,"column":13}},"6":{"start":{"line":38,"column":12},"end":{"line":48,"column":13}},"7":{"start":{"line":39,"column":16},"end":{"line":42,"column":30}},"8":{"start":{"line":44,"column":16},"end":{"line":47,"column":27}},"9":{"start":{"line":51,"column":8},"end":{"line":53,"column":21}},"10":{"start":{"line":55,"column":8},"end":{"line":57,"column":45}},"11":{"start":{"line":59,"column":8},"end":{"line":59,"column":35}},"12":{"start":{"line":61,"column":4},"end":{"line":325,"column":5}},"13":{"start":{"line":69,"column":8},"end":{"line":121,"column":10},"skip":true},"14":{"start":{"line":70,"column":12},"end":{"line":88,"column":13},"skip":true},"15":{"start":{"line":76,"column":16},"end":{"line":87,"column":19},"skip":true},"16":{"start":{"line":79,"column":20},"end":{"line":86,"column":21},"skip":true},"17":{"start":{"line":82,"column":24},"end":{"line":82,"column":43},"skip":true},"18":{"start":{"line":83,"column":24},"end":{"line":83,"column":30},"skip":true},"19":{"start":{"line":85,"column":24},"end":{"line":85,"column":49},"skip":true},"20":{"start":{"line":89,"column":12},"end":{"line":107,"column":13},"skip":true},"21":{"start":{"line":92,"column":16},"end":{"line":102,"column":17},"skip":true},"22":{"start":{"line":93,"column":20},"end":{"line":93,"column":86},"skip":true},"23":{"start":{"line":94,"column":20},"end":{"line":95,"column":45},"skip":true},"24":{"start":{"line":96,"column":20},"end":{"line":96,"column":42},"skip":true},"25":{"start":{"line":97,"column":20},"end":{"line":97,"column":48},"skip":true},"26":{"start":{"line":100,"column":20},"end":{"line":100,"column":85},"skip":true},"27":{"start":{"line":101,"column":20},"end":{"line":101,"column":96},"skip":true},"28":{"start":{"line":103,"column":16},"end":{"line":103,"column":22},"skip":true},"29":{"start":{"line":106,"column":16},"end":{"line":106,"column":22},"skip":true},"30":{"start":{"line":108,"column":12},"end":{"line":120,"column":13},"skip":true},"31":{"start":{"line":114,"column":16},"end":{"line":119,"column":17},"skip":true},"32":{"start":{"line":116,"column":20},"end":{"line":116,"column":78},"skip":true},"33":{"start":{"line":118,"column":20},"end":{"line":118,"column":47},"skip":true},"34":{"start":{"line":123,"column":8},"end":{"line":141,"column":11},"skip":true},"35":{"start":{"line":124,"column":12},"end":{"line":124,"column":54},"skip":true},"36":{"start":{"line":125,"column":12},"end":{"line":140,"column":14},"skip":true},"37":{"start":{"line":126,"column":16},"end":{"line":126,"column":28},"skip":true},"38":{"start":{"line":127,"column":16},"end":{"line":127,"column":69},"skip":true},"39":{"start":{"line":128,"column":16},"end":{"line":128,"column":75},"skip":true},"40":{"start":{"line":129,"column":16},"end":{"line":131,"column":17},"skip":true},"41":{"start":{"line":130,"column":20},"end":{"line":130,"column":27},"skip":true},"42":{"start":{"line":133,"column":16},"end":{"line":137,"column":36},"skip":true},"43":{"start":{"line":134,"column":20},"end":{"line":136,"column":55},"skip":true},"44":{"start":{"line":139,"column":16},"end":{"line":139,"column":57},"skip":true},"45":{"start":{"line":143,"column":8},"end":{"line":147,"column":11},"skip":true},"46":{"start":{"line":144,"column":12},"end":{"line":146,"column":15},"skip":true},"47":{"start":{"line":145,"column":16},"end":{"line":145,"column":70},"skip":true},"48":{"start":{"line":149,"column":8},"end":{"line":149,"column":31},"skip":true},"49":{"start":{"line":150,"column":8},"end":{"line":150,"column":14},"skip":true},"50":{"start":{"line":158,"column":8},"end":{"line":158,"column":31},"skip":true},"51":{"start":{"line":160,"column":8},"end":{"line":160,"column":33},"skip":true},"52":{"start":{"line":161,"column":8},"end":{"line":161,"column":37},"skip":true},"53":{"start":{"line":162,"column":8},"end":{"line":162,"column":35},"skip":true},"54":{"start":{"line":164,"column":8},"end":{"line":164,"column":50},"skip":true},"55":{"start":{"line":166,"column":8},"end":{"line":256,"column":2},"skip":true},"56":{"start":{"line":258,"column":8},"end":{"line":286,"column":9},"skip":true},"57":{"start":{"line":259,"column":12},"end":{"line":269,"column":14},"skip":true},"58":{"start":{"line":271,"column":12},"end":{"line":285,"column":19},"skip":true},"59":{"start":{"line":274,"column":20},"end":{"line":274,"column":35},"skip":true},"60":{"start":{"line":275,"column":20},"end":{"line":284,"column":21},"skip":true},"61":{"start":{"line":277,"column":24},"end":{"line":277,"column":64},"skip":true},"62":{"start":{"line":279,"column":24},"end":{"line":279,"column":40},"skip":true},"63":{"start":{"line":281,"column":24},"end":{"line":281,"column":40},"skip":true},"64":{"start":{"line":283,"column":24},"end":{"line":283,"column":39},"skip":true},"65":{"start":{"line":288,"column":8},"end":{"line":290,"column":9},"skip":true},"66":{"start":{"line":289,"column":12},"end":{"line":289,"column":18},"skip":true},"67":{"start":{"line":291,"column":8},"end":{"line":293,"column":54},"skip":true},"68":{"start":{"line":296,"column":8},"end":{"line":301,"column":37},"skip":true},"69":{"start":{"line":303,"column":8},"end":{"line":303,"column":82},"skip":true},"70":{"start":{"line":306,"column":8},"end":{"line":308,"column":9},"skip":true},"71":{"start":{"line":307,"column":12},"end":{"line":307,"column":82},"skip":true},"72":{"start":{"line":310,"column":8},"end":{"line":312,"column":9},"skip":true},"73":{"start":{"line":311,"column":12},"end":{"line":311,"column":18},"skip":true},"74":{"start":{"line":313,"column":8},"end":{"line":313,"column":54},"skip":true},"75":{"start":{"line":314,"column":8},"end":{"line":314,"column":69},"skip":true},"76":{"start":{"line":315,"column":8},"end":{"line":323,"column":36},"skip":true},"77":{"start":{"line":316,"column":12},"end":{"line":316,"column":61},"skip":true},"78":{"start":{"line":317,"column":12},"end":{"line":320,"column":13},"skip":true},"79":{"start":{"line":318,"column":16},"end":{"line":318,"column":75},"skip":true},"80":{"start":{"line":319,"column":16},"end":{"line":319,"column":23},"skip":true},"81":{"start":{"line":321,"column":12},"end":{"line":321,"column":38},"skip":true},"82":{"start":{"line":322,"column":12},"end":{"line":322,"column":27},"skip":true},"83":{"start":{"line":324,"column":8},"end":{"line":324,"column":14},"skip":true}},"branchMap":{"1":{"line":39,"type":"binary-expr","locations":[{"start":{"line":39,"column":23},"end":{"line":39,"column":62}},{"start":{"line":40,"column":20},"end":{"line":40,"column":70}},{"start":{"line":41,"column":20},"end":{"line":41,"column":71}},{"start":{"line":42,"column":20},"end":{"line":42,"column":29}}]},"2":{"line":44,"type":"binary-expr","locations":[{"start":{"line":44,"column":23},"end":{"line":44,"column":37}},{"start":{"line":45,"column":20},"end":{"line":45,"column":61}},{"start":{"line":46,"column":20},"end":{"line":46,"column":70}},{"start":{"line":47,"column":20},"end":{"line":47,"column":26}}]},"3":{"line":51,"type":"cond-expr","locations":[{"start":{"line":52,"column":14},"end":{"line":52,"column":20}},{"start":{"line":53,"column":14},"end":{"line":53,"column":20}}]},"4":{"line":55,"type":"binary-expr","locations":[{"start":{"line":55,"column":16},"end":{"line":55,"column":44}},{"start":{"line":55,"column":49},"end":{"line":57,"column":43}}]},"5":{"line":55,"type":"cond-expr","locations":[{"start":{"line":56,"column":14},"end":{"line":56,"column":50}},{"start":{"line":57,"column":14},"end":{"line":57,"column":43}}]},"6":{"line":61,"type":"switch","locations":[{"start":{"line":68,"column":4},"end":{"line":150,"column":14},"skip":true},{"start":{"line":156,"column":4},"end":{"line":324,"column":14},"skip":true}]},"7":{"line":70,"type":"if","locations":[{"start":{"line":70,"column":12},"end":{"line":70,"column":12},"skip":true},{"start":{"line":70,"column":12},"end":{"line":70,"column":12},"skip":true}]},"8":{"line":70,"type":"binary-expr","locations":[{"start":{"line":70,"column":16},"end":{"line":70,"column":22},"skip":true},{"start":{"line":70,"column":27},"end":{"line":70,"column":32},"skip":true},{"start":{"line":71,"column":20},"end":{"line":71,"column":39},"skip":true},{"start":{"line":72,"column":20},"end":{"line":72,"column":49},"skip":true},{"start":{"line":73,"column":20},"end":{"line":73,"column":58},"skip":true},{"start":{"line":74,"column":20},"end":{"line":74,"column":69},"skip":true}]},"9":{"line":79,"type":"switch","locations":[{"start":{"line":80,"column":20},"end":{"line":80,"column":33},"skip":true},{"start":{"line":81,"column":20},"end":{"line":83,"column":30},"skip":true},{"start":{"line":84,"column":20},"end":{"line":85,"column":49},"skip":true}]},"10":{"line":89,"type":"switch","locations":[{"start":{"line":90,"column":12},"end":{"line":103,"column":22},"skip":true},{"start":{"line":105,"column":12},"end":{"line":106,"column":22},"skip":true}]},"11":{"line":89,"type":"binary-expr","locations":[{"start":{"line":89,"column":20},"end":{"line":89,"column":25},"skip":true},{"start":{"line":89,"column":29},"end":{"line":89,"column":48},"skip":true},{"start":{"line":89,"column":52},"end":{"line":89,"column":74},"skip":true}]},"12":{"line":92,"type":"if","locations":[{"start":{"line":92,"column":16},"end":{"line":92,"column":16},"skip":true},{"start":{"line":92,"column":16},"end":{"line":92,"column":16},"skip":true}]},"13":{"line":108,"type":"if","locations":[{"start":{"line":108,"column":12},"end":{"line":108,"column":12},"skip":true},{"start":{"line":108,"column":12},"end":{"line":108,"column":12},"skip":true}]},"14":{"line":108,"type":"binary-expr","locations":[{"start":{"line":108,"column":16},"end":{"line":108,"column":61},"skip":true},{"start":{"line":108,"column":66},"end":{"line":108,"column":72},"skip":true},{"start":{"line":108,"column":77},"end":{"line":108,"column":82},"skip":true},{"start":{"line":109,"column":20},"end":{"line":109,"column":39},"skip":true},{"start":{"line":110,"column":20},"end":{"line":110,"column":49},"skip":true},{"start":{"line":111,"column":20},"end":{"line":111,"column":58},"skip":true},{"start":{"line":112,"column":20},"end":{"line":112,"column":68},"skip":true}]},"15":{"line":129,"type":"if","locations":[{"start":{"line":129,"column":16},"end":{"line":129,"column":16},"skip":true},{"start":{"line":129,"column":16},"end":{"line":129,"column":16},"skip":true}]},"16":{"line":134,"type":"cond-expr","locations":[{"start":{"line":135,"column":26},"end":{"line":135,"column":29},"skip":true},{"start":{"line":136,"column":26},"end":{"line":136,"column":54},"skip":true}]},"17":{"line":164,"type":"binary-expr","locations":[{"start":{"line":164,"column":27},"end":{"line":164,"column":43},"skip":true},{"start":{"line":164,"column":47},"end":{"line":164,"column":49},"skip":true}]},"18":{"line":258,"type":"if","locations":[{"start":{"line":258,"column":8},"end":{"line":258,"column":8},"skip":true},{"start":{"line":258,"column":8},"end":{"line":258,"column":8},"skip":true}]},"19":{"line":275,"type":"switch","locations":[{"start":{"line":276,"column":20},"end":{"line":277,"column":64},"skip":true},{"start":{"line":278,"column":20},"end":{"line":279,"column":40},"skip":true},{"start":{"line":280,"column":20},"end":{"line":281,"column":40},"skip":true},{"start":{"line":282,"column":20},"end":{"line":283,"column":39},"skip":true}]},"20":{"line":288,"type":"if","locations":[{"start":{"line":288,"column":8},"end":{"line":288,"column":8},"skip":true},{"start":{"line":288,"column":8},"end":{"line":288,"column":8},"skip":true}]},"21":{"line":288,"type":"binary-expr","locations":[{"start":{"line":288,"column":12},"end":{"line":288,"column":40},"skip":true},{"start":{"line":288,"column":44},"end":{"line":288,"column":67},"skip":true}]},"22":{"line":292,"type":"binary-expr","locations":[{"start":{"line":292,"column":12},"end":{"line":292,"column":50},"skip":true},{"start":{"line":293,"column":12},"end":{"line":293,"column":53},"skip":true}]},"23":{"line":297,"type":"binary-expr","locations":[{"start":{"line":297,"column":12},"end":{"line":297,"column":64},"skip":true},{"start":{"line":298,"column":12},"end":{"line":301,"column":36},"skip":true}]},"24":{"line":303,"type":"binary-expr","locations":[{"start":{"line":303,"column":43},"end":{"line":303,"column":75},"skip":true},{"start":{"line":303,"column":79},"end":{"line":303,"column":81},"skip":true}]},"25":{"line":306,"type":"if","locations":[{"start":{"line":306,"column":8},"end":{"line":306,"column":8},"skip":true},{"start":{"line":306,"column":8},"end":{"line":306,"column":8},"skip":true}]},"26":{"line":310,"type":"if","locations":[{"start":{"line":310,"column":8},"end":{"line":310,"column":8},"skip":true},{"start":{"line":310,"column":8},"end":{"line":310,"column":8},"skip":true}]},"27":{"line":313,"type":"binary-expr","locations":[{"start":{"line":313,"column":27},"end":{"line":313,"column":43},"skip":true},{"start":{"line":313,"column":47},"end":{"line":313,"column":53},"skip":true}]},"28":{"line":317,"type":"if","locations":[{"start":{"line":317,"column":12},"end":{"line":317,"column":12},"skip":true},{"start":{"line":317,"column":12},"end":{"line":317,"column":12},"skip":true}]}},"code":["/*","example.js","","quickstart example","","instruction","    1. save this script as example.js","    2. run the shell command:","        $ npm install npmtest-thinky && PORT=8081 node example.js","    3. play with the browser-demo on http://127.0.0.1:8081","*/","","","","/* istanbul instrument in package npmtest_thinky */","/*jslint","    bitwise: true,","    browser: true,","    maxerr: 8,","    maxlen: 96,","    node: true,","    nomen: true,","    regexp: true,","    stupid: true","*/","(function () {","    'use strict';","    var local;","","","","    // run shared js-env code - pre-init","    (function () {","        // init local","        local = {};","        // init modeJs","        local.modeJs = (function () {","            try {","                return typeof navigator.userAgent === 'string' &&","                    typeof document.querySelector('body') === 'object' &&","                    typeof XMLHttpRequest.prototype.open === 'function' &&","                    'browser';","            } catch (errorCaughtBrowser) {","                return module.exports &&","                    typeof process.versions.node === 'string' &&","                    typeof require('http').createServer === 'function' &&","                    'node';","            }","        }());","        // init global","        local.global = local.modeJs === 'browser'","            ? window","            : global;","        // init utility2_rollup","        local = local.global.utility2_rollup || (local.modeJs === 'browser'","            ? local.global.utility2_npmtest_thinky","            : global.utility2_moduleExports);","        // export local","        local.global.local = local;","    }());","    switch (local.modeJs) {","","","","    // post-init","    // run browser js-env code - post-init","    /* istanbul ignore next */","    case 'browser':","        local.testRunBrowser = function (event) {","            if (!event || (event &&","                    event.currentTarget &&","                    event.currentTarget.className &&","                    event.currentTarget.className.includes &&","                    event.currentTarget.className.includes('onreset'))) {","                // reset output","                Array.from(","                    document.querySelectorAll('body > .resettable')","                ).forEach(function (element) {","                    switch (element.tagName) {","                    case 'INPUT':","                    case 'TEXTAREA':","                        element.value = '';","                        break;","                    default:","                        element.textContent = '';","                    }","                });","            }","            switch (event && event.currentTarget && event.currentTarget.id) {","            case 'testRunButton1':","                // show tests","                if (document.querySelector('#testReportDiv1').style.display === 'none') {","                    document.querySelector('#testReportDiv1').style.display = 'block';","                    document.querySelector('#testRunButton1').textContent =","                        'hide internal test';","                    local.modeTest = true;","                    local.testRunDefault(local);","                // hide tests","                } else {","                    document.querySelector('#testReportDiv1').style.display = 'none';","                    document.querySelector('#testRunButton1').textContent = 'run internal test';","                }","                break;","            // custom-case","            default:","                break;","            }","            if (document.querySelector('#inputTextareaEval1') && (!event || (event &&","                    event.currentTarget &&","                    event.currentTarget.className &&","                    event.currentTarget.className.includes &&","                    event.currentTarget.className.includes('oneval')))) {","                // try to eval input-code","                try {","                    /*jslint evil: true*/","                    eval(document.querySelector('#inputTextareaEval1').value);","                } catch (errorCaught) {","                    console.error(errorCaught);","                }","            }","        };","        // log stderr and stdout to #outputTextareaStdout1","        ['error', 'log'].forEach(function (key) {","            console[key + '_original'] = console[key];","            console[key] = function () {","                var element;","                console[key + '_original'].apply(console, arguments);","                element = document.querySelector('#outputTextareaStdout1');","                if (!element) {","                    return;","                }","                // append text to #outputTextareaStdout1","                element.value += Array.from(arguments).map(function (arg) {","                    return typeof arg === 'string'","                        ? arg","                        : JSON.stringify(arg, null, 4);","                }).join(' ') + '\\n';","                // scroll textarea to bottom","                element.scrollTop = element.scrollHeight;","            };","        });","        // init event-handling","        ['change', 'click', 'keyup'].forEach(function (event) {","            Array.from(document.querySelectorAll('.on' + event)).forEach(function (element) {","                element.addEventListener(event, local.testRunBrowser);","            });","        });","        // run tests","        local.testRunBrowser();","        break;","","","","    // run node js-env code - post-init","    /* istanbul ignore next */","    case 'node':","        // export local","        module.exports = local;","        // require modules","        local.fs = require('fs');","        local.http = require('http');","        local.url = require('url');","        // init assets","        local.assetsDict = local.assetsDict || {};","        /* jslint-ignore-begin */","        local.assetsDict['/assets.index.template.html'] = '\\","<!doctype html>\\n\\","<html lang=\"en\">\\n\\","<head>\\n\\","<meta charset=\"UTF-8\">\\n\\","<meta name=\"viewport\" content=\"width=device-width, initial-scale=1\">\\n\\","<title>{{env.npm_package_name}} (v{{env.npm_package_version}})</title>\\n\\","<style>\\n\\","/*csslint\\n\\","    box-sizing: false,\\n\\","    universal-selector: false\\n\\","*/\\n\\","* {\\n\\","    box-sizing: border-box;\\n\\","}\\n\\","body {\\n\\","    background: #dde;\\n\\","    font-family: Arial, Helvetica, sans-serif;\\n\\","    margin: 2rem;\\n\\","}\\n\\","body > * {\\n\\","    margin-bottom: 1rem;\\n\\","}\\n\\",".utility2FooterDiv {\\n\\","    margin-top: 20px;\\n\\","    text-align: center;\\n\\","}\\n\\","</style>\\n\\","<style>\\n\\","/*csslint\\n\\","*/\\n\\","textarea {\\n\\","    font-family: monospace;\\n\\","    height: 10rem;\\n\\","    width: 100%;\\n\\","}\\n\\","textarea[readonly] {\\n\\","    background: #ddd;\\n\\","}\\n\\","</style>\\n\\","</head>\\n\\","<body>\\n\\","<!-- utility2-comment\\n\\","<div id=\"ajaxProgressDiv1\" style=\"background: #d00; height: 2px; left: 0; margin: 0; padding: 0; position: fixed; top: 0; transition: background 0.5s, width 1.5s; width: 25%;\"></div>\\n\\","utility2-comment -->\\n\\","<h1>\\n\\","<!-- utility2-comment\\n\\","    <a\\n\\","        {{#if env.npm_package_homepage}}\\n\\","        href=\"{{env.npm_package_homepage}}\"\\n\\","        {{/if env.npm_package_homepage}}\\n\\","        target=\"_blank\"\\n\\","    >\\n\\","utility2-comment -->\\n\\","        {{env.npm_package_name}} (v{{env.npm_package_version}})\\n\\","<!-- utility2-comment\\n\\","    </a>\\n\\","utility2-comment -->\\n\\","</h1>\\n\\","<h3>{{env.npm_package_description}}</h3>\\n\\","<!-- utility2-comment\\n\\","<h4><a download href=\"assets.app.js\">download standalone app</a></h4>\\n\\","<button class=\"onclick onreset\" id=\"testRunButton1\">run internal test</button><br>\\n\\","<div id=\"testReportDiv1\" style=\"display: none;\"></div>\\n\\","utility2-comment -->\\n\\","\\n\\","\\n\\","\\n\\","<label>stderr and stdout</label>\\n\\","<textarea class=\"resettable\" id=\"outputTextareaStdout1\" readonly></textarea>\\n\\","<!-- utility2-comment\\n\\","{{#if isRollup}}\\n\\","<script src=\"assets.app.js\"></script>\\n\\","{{#unless isRollup}}\\n\\","utility2-comment -->\\n\\","<script src=\"assets.utility2.rollup.js\"></script>\\n\\","<script src=\"jsonp.utility2._stateInit?callback=window.utility2._stateInit\"></script>\\n\\","<script src=\"assets.npmtest_thinky.rollup.js\"></script>\\n\\","<script src=\"assets.example.js\"></script>\\n\\","<script src=\"assets.test.js\"></script>\\n\\","<!-- utility2-comment\\n\\","{{/if isRollup}}\\n\\","utility2-comment -->\\n\\","<div class=\"utility2FooterDiv\">\\n\\","    [ this app was created with\\n\\","    <a href=\"https://github.com/kaizhu256/node-utility2\" target=\"_blank\">utility2</a>\\n\\","    ]\\n\\","</div>\\n\\","</body>\\n\\","</html>\\n\\","';","        /* jslint-ignore-end */","        if (local.templateRender) {","            local.assetsDict['/'] = local.templateRender(","                local.assetsDict['/assets.index.template.html'],","                {","                    env: local.objectSetDefault(local.env, {","                        npm_package_description: 'the greatest app in the world!',","                        npm_package_name: 'my-app',","                        npm_package_nameAlias: 'my_app',","                        npm_package_version: '0.0.1'","                    })","                }","            );","        } else {","            local.assetsDict['/'] = local.assetsDict['/assets.index.template.html']","                .replace((/\\{\\{env\\.(\\w+?)\\}\\}/g), function (match0, match1) {","                    // jslint-hack","                    String(match0);","                    switch (match1) {","                    case 'npm_package_description':","                        return 'the greatest app in the world!';","                    case 'npm_package_name':","                        return 'my-app';","                    case 'npm_package_nameAlias':","                        return 'my_app';","                    case 'npm_package_version':","                        return '0.0.1';","                    }","                });","        }","        // run the cli","        if (local.global.utility2_rollup || module !== require.main) {","            break;","        }","        local.assetsDict['/assets.example.js'] =","            local.assetsDict['/assets.example.js'] ||","            local.fs.readFileSync(__filename, 'utf8');","        // bug-workaround - long $npm_package_buildCustomOrg","        /* jslint-ignore-begin */","        local.assetsDict['/assets.npmtest_thinky.rollup.js'] =","            local.assetsDict['/assets.npmtest_thinky.rollup.js'] ||","            local.fs.readFileSync(","                local.npmtest_thinky.__dirname + '/lib.npmtest_thinky.js',","                'utf8'","            ).replace((/^#!/), '//');","        /* jslint-ignore-end */","        local.assetsDict['/favicon.ico'] = local.assetsDict['/favicon.ico'] || '';","        // if $npm_config_timeout_exit exists,","        // then exit this process after $npm_config_timeout_exit ms","        if (Number(process.env.npm_config_timeout_exit)) {","            setTimeout(process.exit, Number(process.env.npm_config_timeout_exit));","        }","        // start server","        if (local.global.utility2_serverHttp1) {","            break;","        }","        process.env.PORT = process.env.PORT || '8081';","        console.error('server starting on port ' + process.env.PORT);","        local.http.createServer(function (request, response) {","            request.urlParsed = local.url.parse(request.url);","            if (local.assetsDict[request.urlParsed.pathname] !== undefined) {","                response.end(local.assetsDict[request.urlParsed.pathname]);","                return;","            }","            response.statusCode = 404;","            response.end();","        }).listen(process.env.PORT);","        break;","    }","}());",""],"l":{"26":2,"28":2,"33":2,"35":2,"37":2,"38":2,"39":2,"44":1,"51":2,"55":2,"59":2,"61":2,"69":1,"70":2,"76":2,"79":2,"82":2,"83":2,"85":1,"89":2,"92":1,"93":1,"94":1,"96":1,"97":1,"100":1,"101":1,"103":1,"106":1,"108":2,"114":1,"116":1,"118":1,"123":1,"124":2,"125":2,"126":3,"127":3,"128":3,"129":3,"130":1,"133":3,"134":3,"139":3,"143":1,"144":3,"145":1,"149":1,"150":1,"158":1,"160":1,"161":1,"162":1,"164":1,"166":1,"258":1,"259":1,"271":1,"274":6,"275":6,"277":1,"279":2,"281":1,"283":2,"288":1,"289":1,"291":1,"296":1,"303":1,"306":1,"307":1,"310":1,"311":1,"313":1,"314":1,"315":1,"316":1,"317":1,"318":1,"319":1,"321":1,"322":1,"324":1}},"/home/travis/build/npmtest/node-npmtest-thinky/node_modules/thinky/lib/thinky.js":{"path":"/home/travis/build/npmtest/node-npmtest-thinky/node_modules/thinky/lib/thinky.js","s":{"1":1,"2":1,"3":1,"4":1,"5":1,"6":1,"7":1,"8":1,"9":0,"10":0,"11":0,"12":0,"13":0,"14":0,"15":0,"16":0,"17":0,"18":0,"19":0,"20":0,"21":0,"22":0,"23":0,"24":0,"25":0,"26":0,"27":0,"28":1,"29":0,"30":0,"31":0,"32":0,"33":0,"34":0,"35":0,"36":0,"37":0,"38":0,"39":0,"40":1,"41":0,"42":1,"43":0,"44":0,"45":0,"46":0,"47":0,"48":0,"49":0,"50":0,"51":0,"52":0,"53":1,"54":0,"55":1,"56":0,"57":1},"b":{"1":[0,0],"2":[0,0],"3":[0,0],"4":[0,0],"5":[0,0],"6":[0,0],"7":[0,0],"8":[0,0],"9":[0,0],"10":[0,0],"11":[0,0],"12":[0,0],"13":[0,0]},"f":{"1":0,"2":0,"3":0,"4":0,"5":0,"6":0,"7":0,"8":0,"9":0},"fnMap":{"1":{"name":"Thinky","line":23,"loc":{"start":{"line":23,"column":0},"end":{"line":23,"column":24}}},"2":{"name":"(anonymous_2)","line":61,"loc":{"start":{"line":61,"column":30},"end":{"line":61,"column":46}}},"3":{"name":"(anonymous_3)","line":71,"loc":{"start":{"line":71,"column":27},"end":{"line":71,"column":38}}},"4":{"name":"(anonymous_4)","line":80,"loc":{"start":{"line":80,"column":9},"end":{"line":80,"column":25}}},"5":{"name":"(anonymous_5)","line":98,"loc":{"start":{"line":98,"column":30},"end":{"line":98,"column":41}}},"6":{"name":"(anonymous_6)","line":118,"loc":{"start":{"line":118,"column":31},"end":{"line":118,"column":63}}},"7":{"name":"(anonymous_7)","line":124,"loc":{"start":{"line":124,"column":25},"end":{"line":124,"column":48}}},"8":{"name":"(anonymous_8)","line":146,"loc":{"start":{"line":146,"column":26},"end":{"line":146,"column":37}}},"9":{"name":"(anonymous_9)","line":152,"loc":{"start":{"line":152,"column":17},"end":{"line":152,"column":34}}}},"statementMap":{"1":{"start":{"line":1,"column":0},"end":{"line":1,"column":45}},"2":{"start":{"line":2,"column":0},"end":{"line":2,"column":34}},"3":{"start":{"line":3,"column":0},"end":{"line":3,"column":43}},"4":{"start":{"line":4,"column":0},"end":{"line":4,"column":41}},"5":{"start":{"line":5,"column":0},"end":{"line":5,"column":47}},"6":{"start":{"line":6,"column":0},"end":{"line":6,"column":43}},"7":{"start":{"line":7,"column":0},"end":{"line":7,"column":45}},"8":{"start":{"line":23,"column":0},"end":{"line":64,"column":1}},"9":{"start":{"line":24,"column":2},"end":{"line":24,"column":18}},"10":{"start":{"line":26,"column":2},"end":{"line":26,"column":24}},"11":{"start":{"line":27,"column":2},"end":{"line":27,"column":34}},"12":{"start":{"line":28,"column":2},"end":{"line":28,"column":24}},"13":{"start":{"line":30,"column":2},"end":{"line":30,"column":21}},"14":{"start":{"line":32,"column":2},"end":{"line":33,"column":70}},"15":{"start":{"line":34,"column":2},"end":{"line":35,"column":67}},"16":{"start":{"line":36,"column":2},"end":{"line":37,"column":66}},"17":{"start":{"line":41,"column":2},"end":{"line":42,"column":63}},"18":{"start":{"line":44,"column":2},"end":{"line":45,"column":59}},"19":{"start":{"line":47,"column":2},"end":{"line":52,"column":3}},"20":{"start":{"line":48,"column":4},"end":{"line":48,"column":35}},"21":{"start":{"line":51,"column":4},"end":{"line":51,"column":22}},"22":{"start":{"line":53,"column":2},"end":{"line":53,"column":19}},"23":{"start":{"line":54,"column":2},"end":{"line":54,"column":21}},"24":{"start":{"line":55,"column":2},"end":{"line":55,"column":19}},"25":{"start":{"line":58,"column":2},"end":{"line":58,"column":23}},"26":{"start":{"line":61,"column":2},"end":{"line":63,"column":5}},"27":{"start":{"line":62,"column":4},"end":{"line":62,"column":16}},"28":{"start":{"line":71,"column":0},"end":{"line":92,"column":2}},"29":{"start":{"line":72,"column":2},"end":{"line":72,"column":18}},"30":{"start":{"line":73,"column":2},"end":{"line":73,"column":56}},"31":{"start":{"line":73,"column":28},"end":{"line":73,"column":56}},"32":{"start":{"line":74,"column":2},"end":{"line":74,"column":17}},"33":{"start":{"line":75,"column":2},"end":{"line":77,"column":3}},"34":{"start":{"line":76,"column":4},"end":{"line":76,"column":29}},"35":{"start":{"line":78,"column":2},"end":{"line":89,"column":5}},"36":{"start":{"line":83,"column":4},"end":{"line":85,"column":5}},"37":{"start":{"line":84,"column":6},"end":{"line":84,"column":13}},"38":{"start":{"line":88,"column":4},"end":{"line":88,"column":16}},"39":{"start":{"line":91,"column":2},"end":{"line":91,"column":30}},"40":{"start":{"line":98,"column":0},"end":{"line":100,"column":1}},"41":{"start":{"line":99,"column":2},"end":{"line":99,"column":23}},"42":{"start":{"line":118,"column":0},"end":{"line":139,"column":1}},"43":{"start":{"line":119,"column":2},"end":{"line":119,"column":18}},"44":{"start":{"line":122,"column":2},"end":{"line":122,"column":49}},"45":{"start":{"line":123,"column":2},"end":{"line":123,"column":26}},"46":{"start":{"line":124,"column":2},"end":{"line":126,"column":5}},"47":{"start":{"line":125,"column":4},"end":{"line":125,"column":36}},"48":{"start":{"line":129,"column":2},"end":{"line":131,"column":3}},"49":{"start":{"line":130,"column":4},"end":{"line":130,"column":47}},"50":{"start":{"line":134,"column":2},"end":{"line":134,"column":57}},"51":{"start":{"line":137,"column":2},"end":{"line":137,"column":28}},"52":{"start":{"line":138,"column":2},"end":{"line":138,"column":15}},"53":{"start":{"line":146,"column":0},"end":{"line":148,"column":1}},"54":{"start":{"line":147,"column":2},"end":{"line":147,"column":19}},"55":{"start":{"line":152,"column":0},"end":{"line":154,"column":1}},"56":{"start":{"line":153,"column":2},"end":{"line":153,"column":28}},"57":{"start":{"line":157,"column":0},"end":{"line":157,"column":27}}},"branchMap":{"1":{"line":26,"type":"binary-expr","locations":[{"start":{"line":26,"column":11},"end":{"line":26,"column":17}},{"start":{"line":26,"column":21},"end":{"line":26,"column":23}}]},"2":{"line":27,"type":"binary-expr","locations":[{"start":{"line":27,"column":14},"end":{"line":27,"column":23}},{"start":{"line":27,"column":27},"end":{"line":27,"column":33}}]},"3":{"line":33,"type":"cond-expr","locations":[{"start":{"line":33,"column":39},"end":{"line":33,"column":61}},{"start":{"line":33,"column":64},"end":{"line":33,"column":69}}]},"4":{"line":35,"type":"cond-expr","locations":[{"start":{"line":35,"column":37},"end":{"line":35,"column":57}},{"start":{"line":35,"column":60},"end":{"line":35,"column":66}}]},"5":{"line":37,"type":"cond-expr","locations":[{"start":{"line":37,"column":36},"end":{"line":37,"column":55}},{"start":{"line":37,"column":58},"end":{"line":37,"column":65}}]},"6":{"line":42,"type":"cond-expr","locations":[{"start":{"line":42,"column":34},"end":{"line":42,"column":51}},{"start":{"line":42,"column":54},"end":{"line":42,"column":62}}]},"7":{"line":45,"type":"cond-expr","locations":[{"start":{"line":45,"column":32},"end":{"line":45,"column":47}},{"start":{"line":45,"column":50},"end":{"line":45,"column":58}}]},"8":{"line":47,"type":"if","locations":[{"start":{"line":47,"column":2},"end":{"line":47,"column":2}},{"start":{"line":47,"column":2},"end":{"line":47,"column":2}}]},"9":{"line":73,"type":"if","locations":[{"start":{"line":73,"column":2},"end":{"line":73,"column":2}},{"start":{"line":73,"column":2},"end":{"line":73,"column":2}}]},"10":{"line":75,"type":"if","locations":[{"start":{"line":75,"column":2},"end":{"line":75,"column":2}},{"start":{"line":75,"column":2},"end":{"line":75,"column":2}}]},"11":{"line":83,"type":"if","locations":[{"start":{"line":83,"column":4},"end":{"line":83,"column":4}},{"start":{"line":83,"column":4},"end":{"line":83,"column":4}}]},"12":{"line":123,"type":"binary-expr","locations":[{"start":{"line":123,"column":12},"end":{"line":123,"column":19}},{"start":{"line":123,"column":23},"end":{"line":123,"column":25}}]},"13":{"line":129,"type":"if","locations":[{"start":{"line":129,"column":2},"end":{"line":129,"column":2}},{"start":{"line":129,"column":2},"end":{"line":129,"column":2}}]}},"code":["var rethinkdbdash = require('rethinkdbdash');","var Promise = require('bluebird');","var Model = require(__dirname+'/model.js');","var util = require(__dirname+'/util.js');","var type = require(__dirname+'/type/index.js');","var Query = require(__dirname+'/query.js');","var Errors = require(__dirname+'/errors.js');","","/**"," * Main method, create the default database."," *"," * @param {Object} options the options for the driver and the future models created."," *  - `max` {number} The maximum number of connections in the pool, default 1000"," *  - `buffer` {number} The minimum number of connections available in the pool, default 50"," *  - `timeoutError` {number} The wait time before reconnecting in case of an error (in ms), default 1000"," *  - `timeoutGb` {number} How long the pool keep a connection that hasn't been used (in ms), default 60*60*1000"," *  - `enforce_missing` {boolean}, default `false`"," *  - `enforce_extra` {\"strict\"|\"remove\"|\"none\"}, default `\"none\"`"," *  - `enforce_type` {\"strict\"|\"loose\"|\"none\"}, default `\"loose\"`"," *  - `timeFormat` {\"raw\"|\"native\"}"," *  - `createDatabase` {boolean} Whether thinky should create the database or not."," */","function Thinky(config) {","  var self = this;","","  config = config || {};","  config.db = config.db || 'test'; // We need the default db to create it.","  self._config = config;","","  self._options = {};","  // Option passed to each model we are going to create.","  self._options.enforce_missing =","    (config.enforce_missing != null) ? config.enforce_missing : false;","  self._options.enforce_extra =","    (config.enforce_extra != null) ? config.enforce_extra : \"none\";","  self._options.enforce_type =","    (config.enforce_type != null) ? config.enforce_type : 'loose';","","  // Format of time objects returned by the database, by default we convert","  // them to JavaScript Dates.","  self._options.timeFormat =","    (config.timeFormat != null) ? config.timeFormat : 'native';","  // Option passed to each model we are going to create.","  self._options.validate =","    (config.validate != null) ? config.validate : 'onsave';","","  if (config.r === undefined) {","    self.r = rethinkdbdash(config);","  }","  else {","    self.r = config.r;","  }","  self.type = type;","  self.Query = Query;","  self.models = {};","","  // Export errors","  self.Errors = Errors;","","  // Initialize the database.","  self.dbReady().then().error(function(error) {","    throw error;","  });","}","","","/**"," * Initialize our database."," * @return {Promise=} Returns a promise which will resolve when the database is ready."," */","Thinky.prototype.dbReady = function() {","  var self = this;","  if (this._dbReadyPromise) return this._dbReadyPromise;","  var r = self.r;","  if (self._config.createDatabase === false) {","    return Promise.resolve();","  }","  this._dbReadyPromise = r.dbCreate(self._config.db)","  .run()","  .error(function(error) {","    // The `do` is not atomic, we a concurrent query could create the database","    // between the time `dbList` is ran and `dbCreate` is.","    if (error.message.match(/^Database `.*` already exists in/)) {","      return;","    }","","    // In case something went wrong here, we do not recover and throw.","    throw error;","  });","","  return self._dbReadyPromise;","};","","/**"," * Return the current option used."," * @return {object} The global options of the library"," */","Thinky.prototype.getOptions = function() {","  return this._options;","}","","","/**"," * Create a model"," *"," * @param {string} name The name of the table used behind this model."," * @param {object|Type} schema The schema of this model."," * @param {object=} options Options for this model. The fields can be:"," *  - `init` {boolean} Whether the table should be created or not. The value"," *  `false` is used to speed up testing, and should probably be `true` in"," *  other use cases."," *  - `timeFormat` {\"raw\"|\"native\"} Format of ReQL dates."," *  - `enforce_missing` {boolean}, default `false`."," *  - `enforce_extra` {\"strict\"|\"remove\"|\"none\"}, default `\"none\"`."," *  - `enforce_type` {\"strict\"|\"loose\"|\"none\"}, default `\"loose\"`."," *  - `validate` {\"oncreate\"|\"onsave\"}, default \"onsave\"."," */","Thinky.prototype.createModel = function(name, schema, options) {","  var self = this;","","  // Make a deep copy of the options as the model may overwrite them.","  var fullOptions = util.deepCopy(this._options);","  options = options || {};","  util.loopKeys(options, function(options, key) {","    fullOptions[key] = options[key];","  });","","  // Two models cannot share the same name.","  if (self.models[name] !== undefined) {","    throw new Error(\"Cannot redefine a Model\");","  }","","  // Create the constructor returned. This will also validate the schema.","  var model = Model.new(name, schema, fullOptions, self);","","  // Keep a reference of this model.","  self.models[name] = model;","  return model;","}","","","/**"," * Method to clean all the references to the models. This is used to speed up"," * testing and should not be used in other use cases."," */","Thinky.prototype._clean = function() {","  this.models = {};","}","","","// Export the module.","module.exports = function(config) {","  return new Thinky(config);","}","","// Expose thinky types directly from module","module.exports.type = type;",""],"l":{"1":1,"2":1,"3":1,"4":1,"5":1,"6":1,"7":1,"23":1,"24":0,"26":0,"27":0,"28":0,"30":0,"32":0,"34":0,"36":0,"41":0,"44":0,"47":0,"48":0,"51":0,"53":0,"54":0,"55":0,"58":0,"61":0,"62":0,"71":1,"72":0,"73":0,"74":0,"75":0,"76":0,"78":0,"83":0,"84":0,"88":0,"91":0,"98":1,"99":0,"118":1,"119":0,"122":0,"123":0,"124":0,"125":0,"129":0,"130":0,"134":0,"137":0,"138":0,"146":1,"147":0,"152":1,"153":0,"157":1}},"/home/travis/build/npmtest/node-npmtest-thinky/node_modules/thinky/lib/model.js":{"path":"/home/travis/build/npmtest/node-npmtest-thinky/node_modules/thinky/lib/model.js","s":{"1":1,"2":1,"3":1,"4":1,"5":1,"6":1,"7":1,"8":1,"9":1,"10":0,"11":0,"12":0,"13":0,"14":0,"15":0,"16":0,"17":0,"18":0,"19":0,"20":0,"21":0,"22":0,"23":0,"24":0,"25":0,"26":0,"27":0,"28":0,"29":0,"30":0,"31":0,"32":0,"33":0,"34":0,"35":0,"36":0,"37":0,"38":0,"39":0,"40":0,"41":1,"42":1,"43":0,"44":0,"45":0,"46":0,"47":0,"48":0,"49":0,"50":0,"51":0,"52":0,"53":0,"54":0,"55":0,"56":0,"57":0,"58":0,"59":0,"60":0,"61":0,"62":0,"63":0,"64":0,"65":0,"66":0,"67":0,"68":0,"69":0,"70":0,"71":0,"72":0,"73":0,"74":0,"75":0,"76":0,"77":0,"78":0,"79":0,"80":0,"81":0,"82":0,"83":0,"84":0,"85":0,"86":0,"87":0,"88":0,"89":0,"90":0,"91":0,"92":0,"93":0,"94":1,"95":0,"96":0,"97":0,"98":0,"99":0,"100":0,"101":0,"102":0,"103":0,"104":0,"105":0,"106":0,"107":0,"108":0,"109":0,"110":0,"111":1,"112":0,"113":0,"114":0,"115":0,"116":1,"117":0,"118":0,"119":0,"120":0,"121":0,"122":0,"123":0,"124":0,"125":0,"126":0,"127":0,"128":0,"129":0,"130":1,"131":0,"132":0,"133":0,"134":0,"135":0,"136":0,"137":1,"138":0,"139":0,"140":1,"141":0,"142":1,"143":0,"144":1,"145":0,"146":1,"147":0,"148":0,"149":0,"150":0,"151":0,"152":0,"153":0,"154":1,"155":0,"156":0,"157":0,"158":0,"159":0,"160":0,"161":0,"162":0,"163":0,"164":0,"165":0,"166":0,"167":0,"168":0,"169":0,"170":0,"171":1,"172":0,"173":0,"174":0,"175":0,"176":0,"177":0,"178":0,"179":0,"180":0,"181":0,"182":0,"183":0,"184":0,"185":0,"186":0,"187":1,"188":0,"189":0,"190":0,"191":0,"192":0,"193":0,"194":0,"195":0,"196":0,"197":0,"198":0,"199":0,"200":0,"201":0,"202":0,"203":0,"204":1,"205":0,"206":0,"207":0,"208":0,"209":0,"210":0,"211":0,"212":0,"213":0,"214":0,"215":0,"216":0,"217":0,"218":0,"219":0,"220":1,"221":0,"222":0,"223":0,"224":0,"225":0,"226":0,"227":0,"228":0,"229":0,"230":0,"231":0,"232":0,"233":0,"234":0,"235":0,"236":0,"237":0,"238":0,"239":0,"240":0,"241":0,"242":0,"243":0,"244":0,"245":0,"246":0,"247":0,"248":0,"249":0,"250":0,"251":0,"252":0,"253":0,"254":0,"255":0,"256":0,"257":0,"258":0,"259":0,"260":0,"261":0,"262":0,"263":0,"264":0,"265":0,"266":0,"267":0,"268":0,"269":0,"270":0,"271":0,"272":0,"273":0,"274":0,"275":1,"276":1,"277":1,"278":197,"279":0,"280":197,"281":16,"282":181,"283":181,"284":1,"285":0,"286":0,"287":0,"288":0,"289":0,"290":0,"291":1,"292":1,"293":0,"294":0,"295":0,"296":0,"297":0,"298":0,"299":0,"300":0,"301":0,"302":0,"303":0,"304":0,"305":1,"306":1,"307":0,"308":0,"309":0,"310":179,"311":0,"312":0,"313":0,"314":1,"315":0,"316":0,"317":1,"318":0,"319":0,"320":1,"321":0,"322":0,"323":1,"324":0,"325":0,"326":1,"327":0,"328":0,"329":0,"330":0,"331":0,"332":0,"333":0,"334":0,"335":0,"336":0,"337":0,"338":0,"339":0,"340":0,"341":0,"342":0,"343":0,"344":0,"345":0,"346":0,"347":0,"348":0,"349":0,"350":0,"351":0,"352":0,"353":0,"354":0,"355":0,"356":0,"357":0,"358":0,"359":0,"360":0,"361":0,"362":0,"363":0,"364":0,"365":0,"366":0,"367":0,"368":0,"369":0,"370":0,"371":0,"372":0,"373":0,"374":0,"375":0,"376":0,"377":0,"378":0,"379":0,"380":0,"381":0,"382":0,"383":0,"384":0,"385":0,"386":0,"387":0,"388":0,"389":1,"390":0,"391":1,"392":0,"393":0,"394":0,"395":1,"396":0,"397":0,"398":0,"399":0,"400":0,"401":0,"402":0,"403":0,"404":0,"405":0,"406":0,"407":0,"408":0,"409":0,"410":0,"411":0,"412":0,"413":0,"414":0,"415":0,"416":0,"417":0,"418":0,"419":0,"420":0,"421":0,"422":0,"423":0,"424":0,"425":0,"426":0,"427":0,"428":0,"429":0,"430":0,"431":0,"432":0,"433":0,"434":0,"435":0,"436":0,"437":0,"438":0,"439":0,"440":0,"441":0,"442":0,"443":0,"444":0,"445":0,"446":0,"447":0,"448":0,"449":0,"450":0,"451":0,"452":0,"453":0,"454":0,"455":0,"456":0,"457":0,"458":0,"459":0,"460":0,"461":0,"462":0,"463":0,"464":0,"465":0,"466":0,"467":0,"468":0,"469":0,"470":0,"471":0,"472":0,"473":0,"474":0,"475":0,"476":0,"477":0,"478":0,"479":0,"480":0,"481":0,"482":0,"483":0,"484":0,"485":0,"486":0,"487":0,"488":0,"489":0,"490":0,"491":0,"492":0,"493":0,"494":0,"495":0,"496":0,"497":0,"498":0,"499":0,"500":0,"501":0,"502":1,"503":0,"504":0,"505":0,"506":0,"507":1,"508":1,"509":0,"510":0,"511":0,"512":0,"513":1,"514":0,"515":0,"516":0,"517":0,"518":0,"519":0,"520":0,"521":1,"522":0,"523":1,"524":0,"525":0,"526":0,"527":0,"528":0,"529":1,"530":0,"531":0,"532":0,"533":1,"534":0,"535":0,"536":0,"537":0,"538":0,"539":0,"540":0,"541":0,"542":1,"543":0,"544":0,"545":0,"546":0,"547":0,"548":0,"549":0,"550":0,"551":1},"b":{"1":[0,0],"2":[0,0],"3":[0,0],"4":[0,0],"5":[0,0],"6":[0,0],"7":[0,0],"8":[0,0],"9":[0,0],"10":[0,0],"11":[0,0],"12":[0,0],"13":[0,0],"14":[0,0],"15":[0,0],"16":[0,0],"17":[0,0],"18":[0,0],"19":[0,0],"20":[0,0],"21":[0,0],"22":[0,0],"23":[0,0],"24":[0,0],"25":[0,0],"26":[0,0],"27":[0,0],"28":[0,0],"29":[0,0],"30":[0,0],"31":[0,0],"32":[0,0],"33":[0,0],"34":[0,0],"35":[0,0],"36":[0,0],"37":[0,0],"38":[0,0],"39":[0,0],"40":[0,0],"41":[0,0],"42":[0,0],"43":[0,0],"44":[0,0],"45":[0,0],"46":[0,0],"47":[0,0],"48":[0,0],"49":[0,0],"50":[0,0],"51":[0,0],"52":[0,0],"53":[0,0],"54":[0,0],"55":[0,0],"56":[0,0],"57":[0,0],"58":[0,0],"59":[0,0],"60":[0,0],"61":[0,0],"62":[0,0],"63":[0,0],"64":[0,0],"65":[0,0],"66":[0,0],"67":[0,0],"68":[0,0],"69":[0,197],"70":[16,181],"71":[197,196],"72":[1,1,1,179],"73":[0,0],"74":[0,0,0],"75":[0,0],"76":[0,0],"77":[0,0],"78":[0,0],"79":[0,0],"80":[0,0],"81":[0,0],"82":[0,0],"83":[0,0],"84":[0,0],"85":[0,0],"86":[0,0],"87":[0,0],"88":[0,0],"89":[0,0],"90":[0,0],"91":[0,0],"92":[0,0],"93":[0,0],"94":[0,0],"95":[0,0],"96":[0,0],"97":[0,0],"98":[0,0],"99":[0,0],"100":[0,0],"101":[0,0],"102":[0,0],"103":[0,0],"104":[0,0],"105":[0,0],"106":[0,0],"107":[0,0],"108":[0,0],"109":[0,0],"110":[0,0],"111":[0,0],"112":[0,0],"113":[0,0],"114":[0,0],"115":[0,0],"116":[0,0],"117":[0,0],"118":[0,0],"119":[0,0],"120":[0,0],"121":[0,0],"122":[0,0],"123":[0,0],"124":[0,0]},"f":{"1":0,"2":0,"3":0,"4":0,"5":0,"6":0,"7":0,"8":0,"9":0,"10":0,"11":0,"12":0,"13":0,"14":0,"15":0,"16":0,"17":0,"18":0,"19":0,"20":0,"21":0,"22":0,"23":0,"24":0,"25":0,"26":0,"27":0,"28":0,"29":0,"30":0,"31":0,"32":0,"33":0,"34":0,"35":0,"36":0,"37":0,"38":0,"39":0,"40":0,"41":0,"42":0,"43":0,"44":0,"45":0,"46":0,"47":0,"48":0,"49":0,"50":1,"51":197,"52":181,"53":0,"54":0,"55":0,"56":0,"57":0,"58":0,"59":0,"60":0,"61":0,"62":0,"63":0,"64":0,"65":0,"66":0,"67":0,"68":0,"69":0,"70":0,"71":0,"72":0,"73":0,"74":0,"75":0,"76":0,"77":0,"78":0,"79":0,"80":0,"81":0,"82":0,"83":0,"84":0,"85":0,"86":0,"87":0,"88":0,"89":0,"90":0,"91":0,"92":0,"93":0,"94":0,"95":0,"96":0,"97":0,"98":0,"99":0,"100":0,"101":0,"102":0,"103":0,"104":0,"105":0,"106":0,"107":0,"108":0},"fnMap":{"1":{"name":"Model","line":19,"loc":{"start":{"line":19,"column":0},"end":{"line":19,"column":46}}},"2":{"name":"(anonymous_2)","line":91,"loc":{"start":{"line":91,"column":12},"end":{"line":91,"column":52}}},"3":{"name":"model","line":96,"loc":{"start":{"line":96,"column":14},"end":{"line":96,"column":43}}},"4":{"name":"(anonymous_4)","line":108,"loc":{"start":{"line":108,"column":32},"end":{"line":108,"column":53}}},"5":{"name":"(anonymous_5)","line":151,"loc":{"start":{"line":151,"column":12},"end":{"line":151,"column":23}}},"6":{"name":"(anonymous_6)","line":159,"loc":{"start":{"line":159,"column":40},"end":{"line":159,"column":55}}},"7":{"name":"(anonymous_7)","line":182,"loc":{"start":{"line":182,"column":40},"end":{"line":182,"column":63}}},"8":{"name":"(anonymous_8)","line":183,"loc":{"start":{"line":183,"column":5},"end":{"line":183,"column":20}}},"9":{"name":"(anonymous_9)","line":184,"loc":{"start":{"line":184,"column":20},"end":{"line":184,"column":31}}},"10":{"name":"(anonymous_10)","line":198,"loc":{"start":{"line":198,"column":29},"end":{"line":198,"column":40}}},"11":{"name":"(anonymous_11)","line":207,"loc":{"start":{"line":207,"column":8},"end":{"line":207,"column":19}}},"12":{"name":"(anonymous_12)","line":210,"loc":{"start":{"line":210,"column":9},"end":{"line":210,"column":25}}},"13":{"name":"(anonymous_13)","line":218,"loc":{"start":{"line":218,"column":38},"end":{"line":218,"column":49}}},"14":{"name":"(anonymous_14)","line":230,"loc":{"start":{"line":230,"column":24},"end":{"line":230,"column":35}}},"15":{"name":"(anonymous_15)","line":242,"loc":{"start":{"line":242,"column":33},"end":{"line":242,"column":44}}},"16":{"name":"(anonymous_16)","line":246,"loc":{"start":{"line":246,"column":18},"end":{"line":246,"column":29}}},"17":{"name":"(anonymous_17)","line":248,"loc":{"start":{"line":248,"column":10},"end":{"line":248,"column":21}}},"18":{"name":"(anonymous_18)","line":264,"loc":{"start":{"line":264,"column":27},"end":{"line":264,"column":45}}},"19":{"name":"(anonymous_19)","line":270,"loc":{"start":{"line":270,"column":52},"end":{"line":270,"column":63}}},"20":{"name":"(anonymous_20)","line":278,"loc":{"start":{"line":278,"column":28},"end":{"line":278,"column":44}}},"21":{"name":"(anonymous_21)","line":287,"loc":{"start":{"line":287,"column":29},"end":{"line":287,"column":40}}},"22":{"name":"(anonymous_22)","line":295,"loc":{"start":{"line":295,"column":28},"end":{"line":295,"column":39}}},"23":{"name":"(anonymous_23)","line":302,"loc":{"start":{"line":302,"column":31},"end":{"line":302,"column":42}}},"24":{"name":"(anonymous_24)","line":307,"loc":{"start":{"line":307,"column":30},"end":{"line":307,"column":55}}},"25":{"name":"(anonymous_25)","line":316,"loc":{"start":{"line":316,"column":9},"end":{"line":316,"column":25}}},"26":{"name":"(anonymous_26)","line":322,"loc":{"start":{"line":322,"column":31},"end":{"line":322,"column":56}}},"27":{"name":"(anonymous_27)","line":332,"loc":{"start":{"line":332,"column":39},"end":{"line":332,"column":50}}},"28":{"name":"(anonymous_28)","line":333,"loc":{"start":{"line":333,"column":23},"end":{"line":333,"column":49}}},"29":{"name":"(anonymous_29)","line":340,"loc":{"start":{"line":340,"column":60},"end":{"line":340,"column":71}}},"30":{"name":"(anonymous_30)","line":347,"loc":{"start":{"line":347,"column":13},"end":{"line":347,"column":29}}},"31":{"name":"(anonymous_31)","line":358,"loc":{"start":{"line":358,"column":8},"end":{"line":358,"column":19}}},"32":{"name":"(anonymous_32)","line":385,"loc":{"start":{"line":385,"column":25},"end":{"line":385,"column":85}}},"33":{"name":"(anonymous_33)","line":408,"loc":{"start":{"line":408,"column":11},"end":{"line":408,"column":27}}},"34":{"name":"(anonymous_34)","line":427,"loc":{"start":{"line":427,"column":28},"end":{"line":427,"column":88}}},"35":{"name":"(anonymous_35)","line":466,"loc":{"start":{"line":466,"column":11},"end":{"line":466,"column":27}}},"36":{"name":"(anonymous_36)","line":486,"loc":{"start":{"line":486,"column":26},"end":{"line":486,"column":86}}},"37":{"name":"(anonymous_37)","line":510,"loc":{"start":{"line":510,"column":11},"end":{"line":510,"column":27}}},"38":{"name":"(anonymous_38)","line":530,"loc":{"start":{"line":530,"column":38},"end":{"line":530,"column":98}}},"39":{"name":"(anonymous_39)","line":598,"loc":{"start":{"line":598,"column":56},"end":{"line":598,"column":70}}},"40":{"name":"(anonymous_40)","line":600,"loc":{"start":{"line":600,"column":29},"end":{"line":600,"column":40}}},"41":{"name":"(anonymous_41)","line":609,"loc":{"start":{"line":609,"column":70},"end":{"line":609,"column":81}}},"42":{"name":"(anonymous_42)","line":612,"loc":{"start":{"line":612,"column":11},"end":{"line":612,"column":22}}},"43":{"name":"(anonymous_43)","line":616,"loc":{"start":{"line":616,"column":80},"end":{"line":616,"column":91}}},"44":{"name":"(anonymous_44)","line":624,"loc":{"start":{"line":624,"column":45},"end":{"line":624,"column":56}}},"45":{"name":"(anonymous_45)","line":626,"loc":{"start":{"line":626,"column":12},"end":{"line":626,"column":23}}},"46":{"name":"(anonymous_46)","line":630,"loc":{"start":{"line":630,"column":13},"end":{"line":630,"column":29}}},"47":{"name":"(anonymous_47)","line":642,"loc":{"start":{"line":642,"column":10},"end":{"line":642,"column":21}}},"48":{"name":"(anonymous_48)","line":644,"loc":{"start":{"line":644,"column":13},"end":{"line":644,"column":29}}},"49":{"name":"(anonymous_49)","line":650,"loc":{"start":{"line":650,"column":13},"end":{"line":650,"column":29}}},"50":{"name":"(anonymous_50)","line":663,"loc":{"start":{"line":663,"column":1},"end":{"line":663,"column":12}}},"51":{"name":"(anonymous_51)","line":666,"loc":{"start":{"line":666,"column":22},"end":{"line":666,"column":42}}},"52":{"name":"(anonymous_52)","line":670,"loc":{"start":{"line":670,"column":5},"end":{"line":670,"column":19}}},"53":{"name":"(anonymous_53)","line":673,"loc":{"start":{"line":673,"column":33},"end":{"line":673,"column":44}}},"54":{"name":"(anonymous_54)","line":689,"loc":{"start":{"line":689,"column":33},"end":{"line":689,"column":44}}},"55":{"name":"(anonymous_55)","line":716,"loc":{"start":{"line":716,"column":36},"end":{"line":716,"column":47}}},"56":{"name":"(anonymous_56)","line":722,"loc":{"start":{"line":722,"column":33},"end":{"line":722,"column":44}}},"57":{"name":"(anonymous_57)","line":733,"loc":{"start":{"line":733,"column":26},"end":{"line":733,"column":37}}},"58":{"name":"(anonymous_58)","line":738,"loc":{"start":{"line":738,"column":34},"end":{"line":738,"column":62}}},"59":{"name":"(anonymous_59)","line":744,"loc":{"start":{"line":744,"column":22},"end":{"line":744,"column":40}}},"60":{"name":"(anonymous_60)","line":748,"loc":{"start":{"line":748,"column":26},"end":{"line":748,"column":44}}},"61":{"name":"(anonymous_61)","line":753,"loc":{"start":{"line":753,"column":23},"end":{"line":753,"column":47}}},"62":{"name":"(anonymous_62)","line":762,"loc":{"start":{"line":762,"column":22},"end":{"line":762,"column":56}}},"63":{"name":"(anonymous_63)","line":767,"loc":{"start":{"line":767,"column":24},"end":{"line":767,"column":51}}},"64":{"name":"(anonymous_64)","line":785,"loc":{"start":{"line":785,"column":73},"end":{"line":785,"column":91}}},"65":{"name":"(anonymous_65)","line":823,"loc":{"start":{"line":823,"column":20},"end":{"line":823,"column":31}}},"66":{"name":"(anonymous_66)","line":828,"loc":{"start":{"line":828,"column":9},"end":{"line":828,"column":25}}},"67":{"name":"(anonymous_67)","line":835,"loc":{"start":{"line":835,"column":33},"end":{"line":835,"column":44}}},"68":{"name":"(anonymous_68)","line":840,"loc":{"start":{"line":840,"column":35},"end":{"line":840,"column":46}}},"69":{"name":"(anonymous_69)","line":842,"loc":{"start":{"line":842,"column":17},"end":{"line":842,"column":33}}},"70":{"name":"(anonymous_70)","line":845,"loc":{"start":{"line":845,"column":15},"end":{"line":845,"column":31}}},"71":{"name":"(anonymous_71)","line":859,"loc":{"start":{"line":859,"column":25},"end":{"line":859,"column":43}}},"72":{"name":"(anonymous_72)","line":862,"loc":{"start":{"line":862,"column":31},"end":{"line":862,"column":49}}},"73":{"name":"(anonymous_73)","line":865,"loc":{"start":{"line":865,"column":14},"end":{"line":865,"column":25}}},"74":{"name":"(anonymous_74)","line":872,"loc":{"start":{"line":872,"column":25},"end":{"line":872,"column":49}}},"75":{"name":"(anonymous_75)","line":877,"loc":{"start":{"line":877,"column":22},"end":{"line":877,"column":48}}},"76":{"name":"(anonymous_76)","line":881,"loc":{"start":{"line":881,"column":24},"end":{"line":881,"column":35}}},"77":{"name":"(anonymous_77)","line":892,"loc":{"start":{"line":892,"column":20},"end":{"line":892,"column":31}}},"78":{"name":"(anonymous_78)","line":899,"loc":{"start":{"line":899,"column":11},"end":{"line":899,"column":23}}},"79":{"name":"(anonymous_79)","line":905,"loc":{"start":{"line":905,"column":18},"end":{"line":905,"column":29}}},"80":{"name":"(anonymous_80)","line":908,"loc":{"start":{"line":908,"column":27},"end":{"line":908,"column":38}}},"81":{"name":"(anonymous_81)","line":911,"loc":{"start":{"line":911,"column":31},"end":{"line":911,"column":42}}},"82":{"name":"(anonymous_82)","line":927,"loc":{"start":{"line":927,"column":9},"end":{"line":927,"column":25}}},"83":{"name":"(anonymous_83)","line":934,"loc":{"start":{"line":934,"column":35},"end":{"line":934,"column":46}}},"84":{"name":"(anonymous_84)","line":946,"loc":{"start":{"line":946,"column":22},"end":{"line":946,"column":33}}},"85":{"name":"(anonymous_85)","line":949,
[...]
":0,"653":0,"658":0,"660":0,"661":0,"662":0,"663":0,"665":0,"666":0,"669":0,"679":0,"680":0,"681":0,"682":0,"684":0,"685":0,"688":0,"700":0,"701":0,"702":0,"703":0,"705":0,"706":0,"709":0,"719":0,"721":0,"732":1,"733":1,"734":1,"735":197,"737":181,"741":1,"742":1,"743":0,"747":1,"748":1,"750":0,"753":1,"759":2,"760":2,"761":0,"762":0,"763":0,"764":0,"765":0,"766":0,"767":0,"770":0,"772":0,"775":2,"778":1,"779":1,"782":0,"783":0,"785":0,"788":1,"794":4,"795":4,"796":0,"797":0,"800":4,"803":1,"804":1,"805":0,"808":1,"811":172,"812":172,"814":0,"817":172,"822":1,"823":0,"839":1,"840":0,"843":1}},"/home/travis/build/npmtest/node-npmtest-thinky/node_modules/thinky/lib/feed.js":{"path":"/home/travis/build/npmtest/node-npmtest-thinky/node_modules/thinky/lib/feed.js","s":{"1":1,"2":1,"3":1,"4":1,"5":0,"6":0,"7":0,"8":0,"9":0,"10":1,"11":0,"12":1,"13":0,"14":0,"15":0,"16":0,"17":0,"18":0,"19":0,"20":0,"21":0,"22":0,"23":0,"24":0,"25":0,"26":1,"27":0,"28":1,"29":0,"30":0,"31":1,"32":0,"33":0,"34":0,"35":0,"36":0,"37":0,"38":0,"39":0,"40":0,"41":0,"42":0,"43":0,"44":0,"45":0,"46":0,"47":0,"48":0,"49":0,"50":1,"51":0,"52":0,"53":0,"54":0,"55":0,"56":0,"57":0,"58":1,"59":0,"60":0,"61":0,"62":0,"63":0,"64":0,"65":0,"66":0,"67":0,"68":0,"69":0,"70":0,"71":0,"72":0,"73":0,"74":0,"75":0,"76":1,"77":1,"78":8,"79":8,"80":8,"81":0,"82":0,"83":0,"84":0,"85":0,"86":0,"87":0,"88":1},"b":{"1":[0,0],"2":[0,0],"3":[0,0],"4":[0,0],"5":[0,0],"6":[0,0],"7":[0,0],"8":[0,0],"9":[0,0],"10":[0,0],"11":[0,0],"12":[0,0]},"f":{"1":0,"2":0,"3":0,"4":0,"5":0,"6":0,"7":0,"8":0,"9":0,"10":0,"11":0,"12":0,"13":0,"14":0,"15":0,"16":0,"17":0,"18":0,"19":0,"20":0,"21":0,"22":0,"23":0,"24":0,"25":0,"26":0,"27":0,"28":0,"29":0,"30":0,"31":8,"32":0,"33":0,"34":0},"fnMap":{"1":{"name":"Feed","line":5,"loc":{"start":{"line":5,"column":0},"end":{"line":5,"column":27}}},"2":{"name":"(anonymous_2)","line":14,"loc":{"start":{"line":14,"column":26},"end":{"line":14,"column":37}}},"3":{"name":"(anonymous_3)","line":19,"loc":{"start":{"line":19,"column":23},"end":{"line":19,"column":34}}},"4":{"name":"(anonymous_4)","line":21,"loc":{"start":{"line":21,"column":21},"end":{"line":21,"column":47}}},"5":{"name":"(anonymous_5)","line":22,"loc":{"start":{"line":22,"column":26},"end":{"line":22,"column":41}}},"6":{"name":"(anonymous_6)","line":23,"loc":{"start":{"line":23,"column":20},"end":{"line":23,"column":31}}},"7":{"name":"(anonymous_7)","line":25,"loc":{"start":{"line":25,"column":47},"end":{"line":25,"column":61}}},"8":{"name":"(anonymous_8)","line":31,"loc":{"start":{"line":31,"column":47},"end":{"line":31,"column":61}}},"9":{"name":"(anonymous_9)","line":37,"loc":{"start":{"line":37,"column":9},"end":{"line":37,"column":23}}},"10":{"name":"(anonymous_10)","line":44,"loc":{"start":{"line":44,"column":25},"end":{"line":44,"column":36}}},"11":{"name":"(anonymous_11)","line":48,"loc":{"start":{"line":48,"column":23},"end":{"line":48,"column":42}}},"12":{"name":"(anonymous_12)","line":53,"loc":{"start":{"line":53,"column":23},"end":{"line":53,"column":52}}},"13":{"name":"(anonymous_13)","line":55,"loc":{"start":{"line":55,"column":17},"end":{"line":55,"column":37}}},"14":{"name":"(anonymous_14)","line":62,"loc":{"start":{"line":62,"column":18},"end":{"line":62,"column":29}}},"15":{"name":"(anonymous_15)","line":64,"loc":{"start":{"line":64,"column":45},"end":{"line":64,"column":59}}},"16":{"name":"(anonymous_16)","line":67,"loc":{"start":{"line":67,"column":17},"end":{"line":67,"column":31}}},"17":{"name":"(anonymous_17)","line":72,"loc":{"start":{"line":72,"column":45},"end":{"line":72,"column":59}}},"18":{"name":"(anonymous_18)","line":75,"loc":{"start":{"line":75,"column":17},"end":{"line":75,"column":31}}},"19":{"name":"(anonymous_19)","line":80,"loc":{"start":{"line":80,"column":7},"end":{"line":80,"column":21}}},"20":{"name":"(anonymous_20)","line":86,"loc":{"start":{"line":86,"column":30},"end":{"line":86,"column":41}}},"21":{"name":"(anonymous_21)","line":87,"loc":{"start":{"line":87,"column":14},"end":{"line":87,"column":25}}},"22":{"name":"(anonymous_22)","line":90,"loc":{"start":{"line":90,"column":14},"end":{"line":90,"column":25}}},"23":{"name":"(anonymous_23)","line":93,"loc":{"start":{"line":93,"column":17},"end":{"line":93,"column":28}}},"24":{"name":"(anonymous_24)","line":99,"loc":{"start":{"line":99,"column":25},"end":{"line":99,"column":45}}},"25":{"name":"(anonymous_25)","line":108,"loc":{"start":{"line":108,"column":16},"end":{"line":108,"column":27}}},"26":{"name":"(anonymous_26)","line":110,"loc":{"start":{"line":110,"column":43},"end":{"line":110,"column":57}}},"27":{"name":"(anonymous_27)","line":113,"loc":{"start":{"line":113,"column":15},"end":{"line":113,"column":29}}},"28":{"name":"(anonymous_28)","line":118,"loc":{"start":{"line":118,"column":43},"end":{"line":118,"column":57}}},"29":{"name":"(anonymous_29)","line":121,"loc":{"start":{"line":121,"column":15},"end":{"line":121,"column":29}}},"30":{"name":"(anonymous_30)","line":125,"loc":{"start":{"line":125,"column":5},"end":{"line":125,"column":19}}},"31":{"name":"(anonymous_31)","line":142,"loc":{"start":{"line":142,"column":3},"end":{"line":142,"column":15}}},"32":{"name":"(anonymous_32)","line":144,"loc":{"start":{"line":144,"column":29},"end":{"line":144,"column":40}}},"33":{"name":"(anonymous_33)","line":148,"loc":{"start":{"line":148,"column":21},"end":{"line":148,"column":32}}},"34":{"name":"(anonymous_34)","line":149,"loc":{"start":{"line":149,"column":51},"end":{"line":149,"column":62}}}},"statementMap":{"1":{"start":{"line":1,"column":0},"end":{"line":1,"column":34}},"2":{"start":{"line":2,"column":0},"end":{"line":2,"column":50}},"3":{"start":{"line":3,"column":0},"end":{"line":3,"column":41}},"4":{"start":{"line":5,"column":0},"end":{"line":12,"column":1}},"5":{"start":{"line":6,"column":2},"end":{"line":6,"column":19}},"6":{"start":{"line":7,"column":2},"end":{"line":7,"column":21}},"7":{"start":{"line":8,"column":2},"end":{"line":8,"column":23}},"8":{"start":{"line":10,"column":2},"end":{"line":10,"column":25}},"9":{"start":{"line":11,"column":2},"end":{"line":11,"column":25}},"10":{"start":{"line":14,"column":0},"end":{"line":16,"column":1}},"11":{"start":{"line":15,"column":2},"end":{"line":15,"column":24}},"12":{"start":{"line":19,"column":0},"end":{"line":42,"column":1}},"13":{"start":{"line":20,"column":2},"end":{"line":20,"column":18}},"14":{"start":{"line":21,"column":2},"end":{"line":41,"column":5}},"15":{"start":{"line":22,"column":4},"end":{"line":40,"column":21}},"16":{"start":{"line":23,"column":6},"end":{"line":39,"column":8}},"17":{"start":{"line":24,"column":8},"end":{"line":35,"column":9}},"18":{"start":{"line":25,"column":10},"end":{"line":28,"column":27}},"19":{"start":{"line":26,"column":12},"end":{"line":26,"column":43}},"20":{"start":{"line":27,"column":12},"end":{"line":27,"column":25}},"21":{"start":{"line":30,"column":13},"end":{"line":35,"column":9}},"22":{"start":{"line":31,"column":10},"end":{"line":34,"column":27}},"23":{"start":{"line":32,"column":12},"end":{"line":32,"column":30}},"24":{"start":{"line":33,"column":12},"end":{"line":33,"column":25}},"25":{"start":{"line":38,"column":8},"end":{"line":38,"column":20}},"26":{"start":{"line":44,"column":0},"end":{"line":46,"column":1}},"27":{"start":{"line":45,"column":2},"end":{"line":45,"column":69}},"28":{"start":{"line":48,"column":0},"end":{"line":51,"column":1}},"29":{"start":{"line":49,"column":2},"end":{"line":49,"column":22}},"30":{"start":{"line":50,"column":2},"end":{"line":50,"column":35}},"31":{"start":{"line":53,"column":0},"end":{"line":84,"column":2}},"32":{"start":{"line":54,"column":2},"end":{"line":54,"column":18}},"33":{"start":{"line":55,"column":2},"end":{"line":83,"column":15}},"34":{"start":{"line":56,"column":4},"end":{"line":61,"column":5}},"35":{"start":{"line":57,"column":6},"end":{"line":59,"column":7}},"36":{"start":{"line":58,"column":8},"end":{"line":58,"column":15}},"37":{"start":{"line":60,"column":6},"end":{"line":60,"column":27}},"38":{"start":{"line":62,"column":4},"end":{"line":82,"column":6}},"39":{"start":{"line":63,"column":6},"end":{"line":78,"column":7}},"40":{"start":{"line":64,"column":8},"end":{"line":69,"column":11}},"41":{"start":{"line":65,"column":10},"end":{"line":65,"column":41}},"42":{"start":{"line":66,"column":10},"end":{"line":66,"column":30}},"43":{"start":{"line":68,"column":10},"end":{"line":68,"column":24}},"44":{"start":{"line":71,"column":11},"end":{"line":78,"column":7}},"45":{"start":{"line":72,"column":8},"end":{"line":77,"column":11}},"46":{"start":{"line":73,"column":10},"end":{"line":73,"column":28}},"47":{"start":{"line":74,"column":10},"end":{"line":74,"column":30}},"48":{"start":{"line":76,"column":10},"end":{"line":76,"column":24}},"49":{"start":{"line":81,"column":6},"end":{"line":81,"column":20}},"50":{"start":{"line":86,"column":0},"end":{"line":97,"column":1}},"51":{"start":{"line":87,"column":2},"end":{"line":89,"column":3}},"52":{"start":{"line":88,"column":4},"end":{"line":88,"column":89}},"53":{"start":{"line":90,"column":2},"end":{"line":92,"column":3}},"54":{"start":{"line":91,"column":4},"end":{"line":91,"column":89}},"55":{"start":{"line":93,"column":2},"end":{"line":95,"column":3}},"56":{"start":{"line":94,"column":4},"end":{"line":94,"column":92}},"57":{"start":{"line":96,"column":2},"end":{"line":96,"column":42}},"58":{"start":{"line":99,"column":0},"end":{"line":128,"column":1}},"59":{"start":{"line":100,"column":2},"end":{"line":100,"column":18}},"60":{"start":{"line":101,"column":2},"end":{"line":106,"column":3}},"61":{"start":{"line":102,"column":4},"end":{"line":104,"column":5}},"62":{"start":{"line":103,"column":6},"end":{"line":103,"column":44}},"63":{"start":{"line":105,"column":4},"end":{"line":105,"column":11}},"64":{"start":{"line":108,"column":2},"end":{"line":127,"column":4}},"65":{"start":{"line":109,"column":4},"end":{"line":124,"column":5}},"66":{"start":{"line":110,"column":6},"end":{"line":115,"column":9}},"67":{"start":{"line":111,"column":8},"end":{"line":111,"column":39}},"68":{"start":{"line":112,"column":8},"end":{"line":112,"column":45}},"69":{"start":{"line":114,"column":8},"end":{"line":114,"column":46}},"70":{"start":{"line":117,"column":9},"end":{"line":124,"column":5}},"71":{"start":{"line":118,"column":6},"end":{"line":123,"column":9}},"72":{"start":{"line":119,"column":8},"end":{"line":119,"column":26}},"73":{"start":{"line":120,"column":8},"end":{"line":120,"column":45}},"74":{"start":{"line":122,"column":8},"end":{"line":122,"column":46}},"75":{"start":{"line":126,"column":4},"end":{"line":126,"column":42}},"76":{"start":{"line":130,"column":0},"end":{"line":139,"column":2}},"77":{"start":{"line":141,"column":0},"end":{"line":157,"column":1}},"78":{"start":{"line":142,"column":2},"end":{"line":156,"column":8}},"79":{"start":{"line":143,"column":4},"end":{"line":143,"column":28}},"80":{"start":{"line":144,"column":4},"end":{"line":155,"column":6}},"81":{"start":{"line":145,"column":6},"end":{"line":145,"column":22}},"82":{"start":{"line":146,"column":6},"end":{"line":153,"column":7}},"83":{"start":{"line":147,"column":8},"end":{"line":147,"column":28}},"84":{"start":{"line":148,"column":8},"end":{"line":152,"column":11}},"85":{"start":{"line":149,"column":10},"end":{"line":151,"column":13}},"86":{"start":{"line":150,"column":12},"end":{"line":150,"column":43}},"87":{"start":{"line":154,"column":6},"end":{"line":154,"column":84}},"88":{"start":{"line":159,"column":0},"end":{"line":159,"column":22}}},"branchMap":{"1":{"line":24,"type":"if","locations":[{"start":{"line":24,"column":8},"end":{"line":24,"column":8}},{"start":{"line":24,"column":8},"end":{"line":24,"column":8}}]},"2":{"line":30,"type":"if","locations":[{"start":{"line":30,"column":13},"end":{"line":30,"column":13}},{"start":{"line":30,"column":13},"end":{"line":30,"column":13}}]},"3":{"line":56,"type":"if","locations":[{"start":{"line":56,"column":4},"end":{"line":56,"column":4}},{"start":{"line":56,"column":4},"end":{"line":56,"column":4}}]},"4":{"line":57,"type":"if","locations":[{"start":{"line":57,"column":6},"end":{"line":57,"column":6}},{"start":{"line":57,"column":6},"end":{"line":57,"column":6}}]},"5":{"line":63,"type":"if","locations":[{"start":{"line":63,"column":6},"end":{"line":63,"column":6}},{"start":{"line":63,"column":6},"end":{"line":63,"column":6}}]},"6":{"line":71,"type":"if","locations":[{"start":{"line":71,"column":11},"end":{"line":71,"column":11}},{"start":{"line":71,"column":11},"end":{"line":71,"column":11}}]},"7":{"line":101,"type":"if","locations":[{"start":{"line":101,"column":2},"end":{"line":101,"column":2}},{"start":{"line":101,"column":2},"end":{"line":101,"column":2}}]},"8":{"line":102,"type":"if","locations":[{"start":{"line":102,"column":4},"end":{"line":102,"column":4}},{"start":{"line":102,"column":4},"end":{"line":102,"column":4}}]},"9":{"line":102,"type":"binary-expr","locations":[{"start":{"line":102,"column":9},"end":{"line":102,"column":31}},{"start":{"line":102,"column":37},"end":{"line":102,"column":108}}]},"10":{"line":109,"type":"if","locations":[{"start":{"line":109,"column":4},"end":{"line":109,"column":4}},{"start":{"line":109,"column":4},"end":{"line":109,"column":4}}]},"11":{"line":117,"type":"if","locations":[{"start":{"line":117,"column":9},"end":{"line":117,"column":9}},{"start":{"line":117,"column":9},"end":{"line":117,"column":9}}]},"12":{"line":146,"type":"if","locations":[{"start":{"line":146,"column":6},"end":{"line":146,"column":6}},{"start":{"line":146,"column":6},"end":{"line":146,"column":6}}]}},"code":["var Promise = require('bluebird');","var EventEmitter = require('events').EventEmitter;","var util = require(__dirname+'/util.js');","","function Feed(feed, model) {","  this.feed = feed;","  this.model = model;","  this._closed = false;","","  this.each = this._each;","  this.next = this._next;","}","","Feed.prototype.toString = function() {","  return '[object Feed]'","}","","","Feed.prototype._next = function() {","  var self = this;","  return new Promise(function(resolve, reject) {","    self.feed.next().then(function(data) {","      util.tryCatch(function() {","        if (data.new_val != null) {","          self.model._parse(data.new_val).then(function(doc) {","            doc._setOldValue(data.old_val);","            resolve(doc);","          }).error(reject);","        }","        else if (data.old_val != null) { // new_val is null","          self.model._parse(data.old_val).then(function(doc) {","            doc._setUnSaved();","            resolve(doc);","          }).error(reject);","        }","        //else we just drop the change as it's a state/initializing object","      }, function(err) {","        reject(err);","      })","    }).error(reject);","  });","}","","Feed.prototype.toArray = function() {","  throw new Error(\"The `toArray` method is not available on feeds.\");","}","","Feed.prototype.close = function(callback) {","  this._closed = true;","  return this.feed.close(callback);","}","","Feed.prototype._each = function(callback, onFinish) {","  var self = this;","  self.feed.each(function(err, data) {","    if (err) {","      if (self._closed === true) {","        return;","      }","      return callback(err);","    }","    util.tryCatch(function() {","      if (data.new_val != null) {","        self.model._parse(data.new_val).then(function(doc) {","          doc._setOldValue(data.old_val);","          callback(null, doc);","        }).error(function(err) {","          callback(err);","        });","      }","      else if (data.old_val != null) { // new_val is null","        self.model._parse(data.old_val).then(function(doc) {","          doc._setUnSaved();","          callback(null, doc);","        }).error(function(err) {","          callback(err);","        });","      }","      //else we just drop the change as it's a state/initializing object","    }, function(err) {","      callback(err);","    })","  }, onFinish);","};","","Feed.prototype._makeEmitter = function() {","  this.next = function() {","    throw new Error(\"You cannot called `next` once you have bound listeners on the feed\")","  }","  this.each = function() {","    throw new Error(\"You cannot called `each` once you have bound listeners on the feed\")","  }","  this.toArray = function() {","    throw new Error(\"You cannot called `toArray` once you have bound listeners on the feed\")","  }","  this._eventEmitter = new EventEmitter();","}","","Feed.prototype._eachCb = function(err, data) {","  var self = this;","  if (err != null) {","    if ((this._closed !== false) || (err.message !== \"You cannot retrieve data from a cursor that is closed\")) {","      self._eventEmitter.emit('error', err);","    }","    return;","  }","","  util.tryCatch(function() {","    if (data.new_val !== null) {","      self.model._parse(data.new_val).then(function(doc) {","        doc._setOldValue(data.old_val);","        self._eventEmitter.emit('data', doc);","      }).error(function(err) {","        self._eventEmitter.emit('error', err);","      });","    }","    else if (data.old_val !== null) { // new_val is null","      self.model._parse(data.old_val).then(function(doc) {","        doc._setUnSaved();","        self._eventEmitter.emit('data', doc);","      }).error(function(err) {","        self._eventEmitter.emit('error', err);","      });","    }","  }, function(err) {","    self._eventEmitter.emit('error', err);","  })","}","","var methods = [","    'addListener',","    'on',","    'once',","    'removeListener',","    'removeAllListeners',","    'setMaxListeners',","    'listeners',","    'emit'","];","","for(var i=0; i<methods.length; i++) {","  (function(n) {","    var method = methods[n];","    Feed.prototype[method] = function() {","      var self = this;","      if (self._eventEmitter == null) {","        self._makeEmitter();","        setImmediate(function() {","          self.feed._each(self._eachCb.bind(self), function() {","            self._eventEmitter.emit('end');","          });","        });","      }","      self._eventEmitter[method].apply(self._eventEmitter, util.toArray(arguments));","    };","  })(i);","}","","module.exports = Feed;",""],"l":{"1":1,"2":1,"3":1,"5":1,"6":0,"7":0,"8":0,"10":0,"11":0,"14":1,"15":0,"19":1,"20":0,"21":0,"22":0,"23":0,"24":0,"25":0,"26":0,"27":0,"30":0,"31":0,"32":0,"33":0,"38":0,"44":1,"45":0,"48":1,"49":0,"50":0,"53":1,"54":0,"55":0,"56":0,"57":0,"58":0,"60":0,"62":0,"63":0,"64":0,"65":0,"66":0,"68":0,"71":0,"72":0,"73":0,"74":0,"76":0,"81":0,"86":1,"87":0,"88":0,"90":0,"91":0,"93":0,"94":0,"96":0,"99":1,"100":0,"101":0,"102":0,"103":0,"105":0,"108":0,"109":0,"110":0,"111":0,"112":0,"114":0,"117":0,"118":0,"119":0,"120":0,"122":0,"126":0,"130":1,"141":1,"142":8,"143":8,"144":8,"145":0,"146":0,"147":0,"148":0,"149":0,"150":0,"154":0,"159":1}},"/home/travis/build/npmtest/node-npmtest-thinky/node_modules/thinky/config.js":{"path":"/home/travis/build/npmtest/node-npmtest-thinky/node_modules/thinky/config.js","s":{"1":1,"2":1,"3":1,"4":1},"b":{"1":[1,1],"2":[1,1]},"f":{},"fnMap":{},"statementMap":{"1":{"start":{"line":1,"column":0},"end":{"line":1,"column":68}},"2":{"start":{"line":2,"column":0},"end":{"line":2,"column":62}},"3":{"start":{"line":3,"column":0},"end":{"line":3,"column":27}},"4":{"start":{"line":4,"column":0},"end":{"line":4,"column":21}}},"branchMap":{"1":{"line":1,"type":"binary-expr","locations":[{"start":{"line":1,"column":15},"end":{"line":1,"column":52}},{"start":{"line":1,"column":56},"end":{"line":1,"column":67}}]},"2":{"line":2,"type":"binary-expr","locations":[{"start":{"line":2,"column":15},"end":{"line":2,"column":52}},{"start":{"line":2,"column":56},"end":{"line":2,"column":61}}]}},"code":["exports.host = process.env['WERCKER_RETHINKDB_HOST'] || 'localhost';","exports.port = process.env['WERCKER_RETHINKDB_PORT'] || 28015;","exports.db = 'thinky_test';","exports.authKey = '';",""],"l":{"1":1,"2":1,"3":1,"4":1}}}